2026-04-30T19:36:58.674-0500 [DEBUG] [org.gradle.launcher.daemon.bootstrap.DaemonMain] Assuming the daemon was started with following jvm opts: [-XX:+HeapDumpOnOutOfMemoryError, --add-opens=java.base/java.util=ALL-UNNAMED, --add-opens=java.base/java.lang=ALL-UNNAMED, --add-opens=java.base/java.lang.invoke=ALL-UNNAMED, --add-opens=java.prefs/java.util.prefs=ALL-UNNAMED, --add-opens=java.base/java.nio.charset=ALL-UNNAMED, --add-opens=java.base/java.net=ALL-UNNAMED, --add-opens=java.base/java.util.concurrent.atomic=ALL-UNNAMED, -Xms2G, -Xmx5G, -Dfile.encoding=UTF-8, -Duser.country=US, -Duser.language=en, -Duser.variant]
2026-04-30T19:36:58.812-0500 [DEBUG] [org.gradle.internal.nativeintegration.services.NativeServices] Native-platform posix files integration is not available. Continuing with fallback.
2026-04-30T19:36:58.825-0500 [INFO] [org.gradle.launcher.daemon.server.Daemon] start() called on daemon - DefaultDaemonContext[uid=5ac09e15-2775-4d64-a27c-6afeda28a5ca,javaHome=C:\Program Files\Java\jdk-17,javaVersion=17,daemonRegistryDir=D:\Users\wxinc\OneDrive\Desktop\Minecraft-modding-stuff\Furnitures-O-Plenty\.gradle-user-home\daemon,pid=34292,idleTimeout=120000,priority=NORMAL,applyInstrumentationAgent=true,nativeServicesMode=ENABLED,daemonOpts=-XX:+HeapDumpOnOutOfMemoryError,--add-opens=java.base/java.util=ALL-UNNAMED,--add-opens=java.base/java.lang=ALL-UNNAMED,--add-opens=java.base/java.lang.invoke=ALL-UNNAMED,--add-opens=java.prefs/java.util.prefs=ALL-UNNAMED,--add-opens=java.base/java.nio.charset=ALL-UNNAMED,--add-opens=java.base/java.net=ALL-UNNAMED,--add-opens=java.base/java.util.concurrent.atomic=ALL-UNNAMED,-Xms2G,-Xmx5G,-Dfile.encoding=UTF-8,-Duser.country=US,-Duser.language=en,-Duser.variant]
2026-04-30T19:36:58.898-0500 [DEBUG] [org.gradle.internal.remote.internal.inet.InetAddresses] Adding IP addresses for network interface Software Loopback Interface 1
2026-04-30T19:36:58.901-0500 [DEBUG] [org.gradle.internal.remote.internal.inet.InetAddresses] Is this a loopback interface? true
2026-04-30T19:36:58.901-0500 [DEBUG] [org.gradle.internal.remote.internal.inet.InetAddresses] Adding loopback address /127.0.0.1
2026-04-30T19:36:58.901-0500 [DEBUG] [org.gradle.internal.remote.internal.inet.InetAddresses] Adding loopback address /0:0:0:0:0:0:0:1
2026-04-30T19:36:58.902-0500 [DEBUG] [org.gradle.internal.remote.internal.inet.InetAddresses] Adding IP addresses for network interface Microsoft 6to4 Adapter
2026-04-30T19:36:58.905-0500 [DEBUG] [org.gradle.internal.remote.internal.inet.InetAddresses] Is this a loopback interface? false
2026-04-30T19:36:58.905-0500 [DEBUG] [org.gradle.internal.remote.internal.inet.InetAddresses] Adding IP addresses for network interface Killer(R) Wi-Fi 6 AX1650x 160MHz Wireless Network Adapter (200NGW)
2026-04-30T19:36:58.907-0500 [DEBUG] [org.gradle.internal.remote.internal.inet.InetAddresses] Is this a loopback interface? false
2026-04-30T19:36:58.908-0500 [DEBUG] [org.gradle.internal.remote.internal.inet.InetAddresses] Adding remote address /192.168.1.131
2026-04-30T19:36:58.908-0500 [DEBUG] [org.gradle.internal.remote.internal.inet.InetAddresses] Adding remote address /2600:1700:c00:3120:0:0:0:21
2026-04-30T19:36:58.908-0500 [DEBUG] [org.gradle.internal.remote.internal.inet.InetAddresses] Adding remote address /2600:1700:c00:3120:3474:9a8:1dc9:528c
2026-04-30T19:36:58.908-0500 [DEBUG] [org.gradle.internal.remote.internal.inet.InetAddresses] Adding remote address /2600:1700:c00:3120:dd0b:ac24:566e:3416
2026-04-30T19:36:58.908-0500 [DEBUG] [org.gradle.internal.remote.internal.inet.InetAddresses] Adding remote address /fe80:0:0:0:6f01:82b2:3a70:3a17%wlan0
2026-04-30T19:36:58.909-0500 [DEBUG] [org.gradle.internal.remote.internal.inet.InetAddresses] Adding IP addresses for network interface WAN Miniport (IKEv2)
2026-04-30T19:36:58.911-0500 [DEBUG] [org.gradle.internal.remote.internal.inet.InetAddresses] Is this a loopback interface? false
2026-04-30T19:36:58.912-0500 [DEBUG] [org.gradle.internal.remote.internal.inet.InetAddresses] Adding IP addresses for network interface WAN Miniport (PPTP)
2026-04-30T19:36:58.914-0500 [DEBUG] [org.gradle.internal.remote.internal.inet.InetAddresses] Is this a loopback interface? false
2026-04-30T19:36:58.914-0500 [DEBUG] [org.gradle.internal.remote.internal.inet.InetAddresses] Adding IP addresses for network interface Microsoft IP-HTTPS Platform Adapter
2026-04-30T19:36:58.917-0500 [DEBUG] [org.gradle.internal.remote.internal.inet.InetAddresses] Is this a loopback interface? false
2026-04-30T19:36:58.917-0500 [DEBUG] [org.gradle.internal.remote.internal.inet.InetAddresses] Adding IP addresses for network interface Microsoft Kernel Debug Network Adapter
2026-04-30T19:36:58.919-0500 [DEBUG] [org.gradle.internal.remote.internal.inet.InetAddresses] Is this a loopback interface? false
2026-04-30T19:36:58.920-0500 [DEBUG] [org.gradle.internal.remote.internal.inet.InetAddresses] Adding IP addresses for network interface Microsoft Wi-Fi Direct Virtual Adapter
2026-04-30T19:36:58.922-0500 [DEBUG] [org.gradle.internal.remote.internal.inet.InetAddresses] Is this a loopback interface? false
2026-04-30T19:36:58.923-0500 [DEBUG] [org.gradle.internal.remote.internal.inet.InetAddresses] Adding remote address /fe80:0:0:0:235f:620d:6c2b:f05d%wlan1
2026-04-30T19:36:58.923-0500 [DEBUG] [org.gradle.internal.remote.internal.inet.InetAddresses] Adding IP addresses for network interface WAN Miniport (IP)
2026-04-30T19:36:58.925-0500 [DEBUG] [org.gradle.internal.remote.internal.inet.InetAddresses] Is this a loopback interface? false
2026-04-30T19:36:58.925-0500 [DEBUG] [org.gradle.internal.remote.internal.inet.InetAddresses] Adding IP addresses for network interface Bluetooth Device (Personal Area Network)
2026-04-30T19:36:58.927-0500 [DEBUG] [org.gradle.internal.remote.internal.inet.InetAddresses] Is this a loopback interface? false
2026-04-30T19:36:58.928-0500 [DEBUG] [org.gradle.internal.remote.internal.inet.InetAddresses] Adding remote address /fe80:0:0:0:7498:bde4:a6d6:b801%eth2
2026-04-30T19:36:58.928-0500 [DEBUG] [org.gradle.internal.remote.internal.inet.InetAddresses] Adding IP addresses for network interface Microsoft Teredo Tunneling Adapter
2026-04-30T19:36:58.931-0500 [DEBUG] [org.gradle.internal.remote.internal.inet.InetAddresses] Is this a loopback interface? false
2026-04-30T19:36:58.931-0500 [DEBUG] [org.gradle.internal.remote.internal.inet.InetAddresses] Adding remote address /2001:0:14c9:cc02:1035:2b63:2eb3:49c0
2026-04-30T19:36:58.931-0500 [DEBUG] [org.gradle.internal.remote.internal.inet.InetAddresses] Adding remote address /fe80:0:0:0:1035:2b63:2eb3:49c0%net4
2026-04-30T19:36:58.931-0500 [DEBUG] [org.gradle.internal.remote.internal.inet.InetAddresses] Adding IP addresses for network interface WAN Miniport (IPv6)
2026-04-30T19:36:58.934-0500 [DEBUG] [org.gradle.internal.remote.internal.inet.InetAddresses] Is this a loopback interface? false
2026-04-30T19:36:58.934-0500 [DEBUG] [org.gradle.internal.remote.internal.inet.InetAddresses] Adding IP addresses for network interface WAN Miniport (PPPOE)
2026-04-30T19:36:58.937-0500 [DEBUG] [org.gradle.internal.remote.internal.inet.InetAddresses] Is this a loopback interface? false
2026-04-30T19:36:58.937-0500 [DEBUG] [org.gradle.internal.remote.internal.inet.InetAddresses] Adding IP addresses for network interface WAN Miniport (L2TP)
2026-04-30T19:36:58.940-0500 [DEBUG] [org.gradle.internal.remote.internal.inet.InetAddresses] Is this a loopback interface? false
2026-04-30T19:36:58.940-0500 [DEBUG] [org.gradle.internal.remote.internal.inet.InetAddresses] Adding IP addresses for network interface Realtek Gaming 2.5GbE Family Controller
2026-04-30T19:36:58.943-0500 [DEBUG] [org.gradle.internal.remote.internal.inet.InetAddresses] Is this a loopback interface? false
2026-04-30T19:36:58.943-0500 [DEBUG] [org.gradle.internal.remote.internal.inet.InetAddresses] Adding remote address /fe80:0:0:0:eb7a:3e4c:5bd3:c948%eth4
2026-04-30T19:36:58.943-0500 [DEBUG] [org.gradle.internal.remote.internal.inet.InetAddresses] Adding IP addresses for network interface Microsoft Wi-Fi Direct Virtual Adapter #2
2026-04-30T19:36:58.946-0500 [DEBUG] [org.gradle.internal.remote.internal.inet.InetAddresses] Is this a loopback interface? false
2026-04-30T19:36:58.946-0500 [DEBUG] [org.gradle.internal.remote.internal.inet.InetAddresses] Adding remote address /fe80:0:0:0:926:266d:d9b6:9b73%wlan2
2026-04-30T19:36:58.946-0500 [DEBUG] [org.gradle.internal.remote.internal.inet.InetAddresses] Adding IP addresses for network interface WAN Miniport (Network Monitor)
2026-04-30T19:36:58.949-0500 [DEBUG] [org.gradle.internal.remote.internal.inet.InetAddresses] Is this a loopback interface? false
2026-04-30T19:36:58.949-0500 [DEBUG] [org.gradle.internal.remote.internal.inet.InetAddresses] Adding IP addresses for network interface WAN Miniport (SSTP)
2026-04-30T19:36:58.952-0500 [DEBUG] [org.gradle.internal.remote.internal.inet.InetAddresses] Is this a loopback interface? false
2026-04-30T19:36:58.952-0500 [DEBUG] [org.gradle.internal.remote.internal.inet.InetAddresses] Adding IP addresses for network interface Realtek Gaming 2.5GbE Family Controller-WFP Native MAC Layer LightWeight Filter-0000
2026-04-30T19:36:58.955-0500 [DEBUG] [org.gradle.internal.remote.internal.inet.InetAddresses] Is this a loopback interface? false
2026-04-30T19:36:58.955-0500 [DEBUG] [org.gradle.internal.remote.internal.inet.InetAddresses] Adding IP addresses for network interface Realtek Gaming 2.5GbE Family Controller-QoS Packet Scheduler-0000
2026-04-30T19:36:58.958-0500 [DEBUG] [org.gradle.internal.remote.internal.inet.InetAddresses] Is this a loopback interface? false
2026-04-30T19:36:58.959-0500 [DEBUG] [org.gradle.internal.remote.internal.inet.InetAddresses] Adding IP addresses for network interface Realtek Gaming 2.5GbE Family Controller-WFP 802.3 MAC Layer LightWeight Filter-0000
2026-04-30T19:36:58.961-0500 [DEBUG] [org.gradle.internal.remote.internal.inet.InetAddresses] Is this a loopback interface? false
2026-04-30T19:36:58.961-0500 [DEBUG] [org.gradle.internal.remote.internal.inet.InetAddresses] Adding IP addresses for network interface Killer(R) Wi-Fi 6 AX1650x 160MHz Wireless Network Adapter (200NGW)-WFP Native MAC Layer LightWeight Filter-0000
2026-04-30T19:36:58.964-0500 [DEBUG] [org.gradle.internal.remote.internal.inet.InetAddresses] Is this a loopback interface? false
2026-04-30T19:36:58.964-0500 [DEBUG] [org.gradle.internal.remote.internal.inet.InetAddresses] Adding IP addresses for network interface Killer(R) Wi-Fi 6 AX1650x 160MHz Wireless Network Adapter (200NGW)-Virtual WiFi Filter Driver-0000
2026-04-30T19:36:58.967-0500 [DEBUG] [org.gradle.internal.remote.internal.inet.InetAddresses] Is this a loopback interface? false
2026-04-30T19:36:58.968-0500 [DEBUG] [org.gradle.internal.remote.internal.inet.InetAddresses] Adding IP addresses for network interface Killer(R) Wi-Fi 6 AX1650x 160MHz Wireless Network Adapter (200NGW)-Native WiFi Filter Driver-0000
2026-04-30T19:36:58.972-0500 [DEBUG] [org.gradle.internal.remote.internal.inet.InetAddresses] Is this a loopback interface? false
2026-04-30T19:36:58.973-0500 [DEBUG] [org.gradle.internal.remote.internal.inet.InetAddresses] Adding IP addresses for network interface Killer(R) Wi-Fi 6 AX1650x 160MHz Wireless Network Adapter (200NGW)-QoS Packet Scheduler-0000
2026-04-30T19:36:58.975-0500 [DEBUG] [org.gradle.internal.remote.internal.inet.InetAddresses] Is this a loopback interface? false
2026-04-30T19:36:58.976-0500 [DEBUG] [org.gradle.internal.remote.internal.inet.InetAddresses] Adding IP addresses for network interface Killer(R) Wi-Fi 6 AX1650x 160MHz Wireless Network Adapter (200NGW)-WFP 802.3 MAC Layer LightWeight Filter-0000
2026-04-30T19:36:58.978-0500 [DEBUG] [org.gradle.internal.remote.internal.inet.InetAddresses] Is this a loopback interface? false
2026-04-30T19:36:58.978-0500 [DEBUG] [org.gradle.internal.remote.internal.inet.InetAddresses] Adding IP addresses for network interface Microsoft Wi-Fi Direct Virtual Adapter #2-WFP Native MAC Layer LightWeight Filter-0000
2026-04-30T19:36:58.980-0500 [DEBUG] [org.gradle.internal.remote.internal.inet.InetAddresses] Is this a loopback interface? false
2026-04-30T19:36:58.980-0500 [DEBUG] [org.gradle.internal.remote.internal.inet.InetAddresses] Adding IP addresses for network interface Microsoft Wi-Fi Direct Virtual Adapter-WFP Native MAC Layer LightWeight Filter-0000
2026-04-30T19:36:58.983-0500 [DEBUG] [org.gradle.internal.remote.internal.inet.InetAddresses] Is this a loopback interface? false
2026-04-30T19:36:58.983-0500 [DEBUG] [org.gradle.internal.remote.internal.inet.InetAddresses] Adding IP addresses for network interface Microsoft Wi-Fi Direct Virtual Adapter-Native WiFi Filter Driver-0000
2026-04-30T19:36:58.985-0500 [DEBUG] [org.gradle.internal.remote.internal.inet.InetAddresses] Is this a loopback interface? false
2026-04-30T19:36:58.985-0500 [DEBUG] [org.gradle.internal.remote.internal.inet.InetAddresses] Adding IP addresses for network interface Microsoft Wi-Fi Direct Virtual Adapter-QoS Packet Scheduler-0000
2026-04-30T19:36:58.987-0500 [DEBUG] [org.gradle.internal.remote.internal.inet.InetAddresses] Is this a loopback interface? false
2026-04-30T19:36:58.987-0500 [DEBUG] [org.gradle.internal.remote.internal.inet.InetAddresses] Adding IP addresses for network interface WAN Miniport (IP)-WFP Native MAC Layer LightWeight Filter-0000
2026-04-30T19:36:58.989-0500 [DEBUG] [org.gradle.internal.remote.internal.inet.InetAddresses] Is this a loopback interface? false
2026-04-30T19:36:58.990-0500 [DEBUG] [org.gradle.internal.remote.internal.inet.InetAddresses] Adding IP addresses for network interface WAN Miniport (IP)-QoS Packet Scheduler-0000
2026-04-30T19:36:58.992-0500 [DEBUG] [org.gradle.internal.remote.internal.inet.InetAddresses] Is this a loopback interface? false
2026-04-30T19:36:58.992-0500 [DEBUG] [org.gradle.internal.remote.internal.inet.InetAddresses] Adding IP addresses for network interface WAN Miniport (IPv6)-WFP Native MAC Layer LightWeight Filter-0000
2026-04-30T19:36:58.994-0500 [DEBUG] [org.gradle.internal.remote.internal.inet.InetAddresses] Is this a loopback interface? false
2026-04-30T19:36:58.994-0500 [DEBUG] [org.gradle.internal.remote.internal.inet.InetAddresses] Adding IP addresses for network interface WAN Miniport (IPv6)-QoS Packet Scheduler-0000
2026-04-30T19:36:58.996-0500 [DEBUG] [org.gradle.internal.remote.internal.inet.InetAddresses] Is this a loopback interface? false
2026-04-30T19:36:58.996-0500 [DEBUG] [org.gradle.internal.remote.internal.inet.InetAddresses] Adding IP addresses for network interface WAN Miniport (Network Monitor)-WFP Native MAC Layer LightWeight Filter-0000
2026-04-30T19:36:58.999-0500 [DEBUG] [org.gradle.internal.remote.internal.inet.InetAddresses] Is this a loopback interface? false
2026-04-30T19:36:58.999-0500 [DEBUG] [org.gradle.internal.remote.internal.inet.InetAddresses] Adding IP addresses for network interface WAN Miniport (Network Monitor)-QoS Packet Scheduler-0000
2026-04-30T19:36:59.001-0500 [DEBUG] [org.gradle.internal.remote.internal.inet.InetAddresses] Is this a loopback interface? false
2026-04-30T19:36:59.001-0500 [DEBUG] [org.gradle.internal.remote.internal.inet.InetAddresses] Adding IP addresses for network interface Microsoft Wi-Fi Direct Virtual Adapter-WFP 802.3 MAC Layer LightWeight Filter-0000
2026-04-30T19:36:59.003-0500 [DEBUG] [org.gradle.internal.remote.internal.inet.InetAddresses] Is this a loopback interface? false
2026-04-30T19:36:59.003-0500 [DEBUG] [org.gradle.internal.remote.internal.inet.InetAddresses] Adding IP addresses for network interface Microsoft Wi-Fi Direct Virtual Adapter #2-Native WiFi Filter Driver-0000
2026-04-30T19:36:59.005-0500 [DEBUG] [org.gradle.internal.remote.internal.inet.InetAddresses] Is this a loopback interface? false
2026-04-30T19:36:59.006-0500 [DEBUG] [org.gradle.internal.remote.internal.inet.InetAddresses] Adding IP addresses for network interface Microsoft Wi-Fi Direct Virtual Adapter #2-QoS Packet Scheduler-0000
2026-04-30T19:36:59.008-0500 [DEBUG] [org.gradle.internal.remote.internal.inet.InetAddresses] Is this a loopback interface? false
2026-04-30T19:36:59.008-0500 [DEBUG] [org.gradle.internal.remote.internal.inet.InetAddresses] Adding IP addresses for network interface Microsoft Wi-Fi Direct Virtual Adapter #2-WFP 802.3 MAC Layer LightWeight Filter-0000
2026-04-30T19:36:59.010-0500 [DEBUG] [org.gradle.internal.remote.internal.inet.InetAddresses] Is this a loopback interface? false
2026-04-30T19:36:59.016-0500 [DEBUG] [org.gradle.internal.remote.internal.inet.TcpIncomingConnector] Listening on [a4b7149c-e5ab-4ace-86cc-27571b195ed8 port:58865, addresses:[localhost/127.0.0.1]].
2026-04-30T19:36:59.021-0500 [DEBUG] [org.gradle.launcher.daemon.server.Daemon] Daemon starting at: Thu Apr 30 19:36:59 CDT 2026, with address: [a4b7149c-e5ab-4ace-86cc-27571b195ed8 port:58865, addresses:[localhost/127.0.0.1]]
2026-04-30T19:36:59.021-0500 [INFO] [org.gradle.launcher.daemon.server.DaemonRegistryUpdater] Advertising the daemon address to the clients: [a4b7149c-e5ab-4ace-86cc-27571b195ed8 port:58865, addresses:[localhost/127.0.0.1]]
2026-04-30T19:36:59.021-0500 [DEBUG] [org.gradle.launcher.daemon.server.DaemonRegistryUpdater] Advertised daemon context: DefaultDaemonContext[uid=5ac09e15-2775-4d64-a27c-6afeda28a5ca,javaHome=C:\Program Files\Java\jdk-17,javaVersion=17,daemonRegistryDir=D:\Users\wxinc\OneDrive\Desktop\Minecraft-modding-stuff\Furnitures-O-Plenty\.gradle-user-home\daemon,pid=34292,idleTimeout=120000,priority=NORMAL,applyInstrumentationAgent=true,nativeServicesMode=ENABLED,daemonOpts=-XX:+HeapDumpOnOutOfMemoryError,--add-opens=java.base/java.util=ALL-UNNAMED,--add-opens=java.base/java.lang=ALL-UNNAMED,--add-opens=java.base/java.lang.invoke=ALL-UNNAMED,--add-opens=java.prefs/java.util.prefs=ALL-UNNAMED,--add-opens=java.base/java.nio.charset=ALL-UNNAMED,--add-opens=java.base/java.net=ALL-UNNAMED,--add-opens=java.base/java.util.concurrent.atomic=ALL-UNNAMED,-Xms2G,-Xmx5G,-Dfile.encoding=UTF-8,-Duser.country=US,-Duser.language=en,-Duser.variant]
2026-04-30T19:36:59.022-0500 [DEBUG] [org.gradle.launcher.daemon.registry.PersistentDaemonRegistry] Storing daemon address: [a4b7149c-e5ab-4ace-86cc-27571b195ed8 port:58865, addresses:[localhost/127.0.0.1]], context: DefaultDaemonContext[uid=5ac09e15-2775-4d64-a27c-6afeda28a5ca,javaHome=C:\Program Files\Java\jdk-17,javaVersion=17,daemonRegistryDir=D:\Users\wxinc\OneDrive\Desktop\Minecraft-modding-stuff\Furnitures-O-Plenty\.gradle-user-home\daemon,pid=34292,idleTimeout=120000,priority=NORMAL,applyInstrumentationAgent=true,nativeServicesMode=ENABLED,daemonOpts=-XX:+HeapDumpOnOutOfMemoryError,--add-opens=java.base/java.util=ALL-UNNAMED,--add-opens=java.base/java.lang=ALL-UNNAMED,--add-opens=java.base/java.lang.invoke=ALL-UNNAMED,--add-opens=java.prefs/java.util.prefs=ALL-UNNAMED,--add-opens=java.base/java.nio.charset=ALL-UNNAMED,--add-opens=java.base/java.net=ALL-UNNAMED,--add-opens=java.base/java.util.concurrent.atomic=ALL-UNNAMED,-Xms2G,-Xmx5G,-Dfile.encoding=UTF-8,-Duser.country=US,-Duser.language=en,-Duser.variant]
2026-04-30T19:36:59.032-0500 [DEBUG] [org.gradle.cache.internal.DefaultFileLockManager] Waiting to acquire exclusive lock on daemon addresses registry.
2026-04-30T19:36:59.035-0500 [DEBUG] [org.gradle.cache.internal.DefaultFileLockManager] Lock acquired on daemon addresses registry.
2026-04-30T19:36:59.041-0500 [DEBUG] [org.gradle.cache.internal.DefaultFileLockManager] Releasing lock on daemon addresses registry.
2026-04-30T19:36:59.041-0500 [LIFECYCLE] [org.gradle.launcher.daemon.server.Daemon] Daemon server started.
2026-04-30T19:36:59.042-0500 [DEBUG] [org.gradle.launcher.daemon.bootstrap.DaemonStartupCommunication] Completed writing the daemon greeting. Closing streams...
2026-04-30T19:36:59.047-0500 [DEBUG] [org.gradle.launcher.daemon.server.Daemon] stopOnExpiration() called on daemon
2026-04-30T19:36:59.047-0500 [DEBUG] [org.gradle.launcher.daemon.server.Daemon] awaitExpiration() called on daemon
2026-04-30T19:36:59.048-0500 [DEBUG] [org.gradle.launcher.daemon.server.DaemonStateCoordinator] daemon is running. Sleeping until state changes.
2026-04-30T19:36:59.171-0500 [DEBUG] [org.gradle.internal.remote.internal.inet.TcpIncomingConnector] Accepted connection from /127.0.0.1:58866 to /127.0.0.1:58865.
2026-04-30T19:36:59.240-0500 [DEBUG] [org.gradle.launcher.daemon.server.SynchronizedDispatchConnection] thread 30: received class org.gradle.launcher.daemon.protocol.Build
2026-04-30T19:36:59.240-0500 [DEBUG] [org.gradle.launcher.daemon.server.DefaultDaemonConnection] thread 30: Received non-IO message from client: Build{id=fe2695d6-f440-43c7-973e-bf72be8dd582, currentDir=D:\Users\wxinc\OneDrive\Desktop\Minecraft-modding-stuff\Furnitures-O-Plenty}
2026-04-30T19:36:59.241-0500 [INFO] [org.gradle.launcher.daemon.server.DefaultIncomingConnectionHandler] Received command: Build{id=fe2695d6-f440-43c7-973e-bf72be8dd582, currentDir=D:\Users\wxinc\OneDrive\Desktop\Minecraft-modding-stuff\Furnitures-O-Plenty}.
2026-04-30T19:36:59.241-0500 [DEBUG] [org.gradle.launcher.daemon.server.DefaultIncomingConnectionHandler] Starting executing command: Build{id=fe2695d6-f440-43c7-973e-bf72be8dd582, currentDir=D:\Users\wxinc\OneDrive\Desktop\Minecraft-modding-stuff\Furnitures-O-Plenty} with connection: socket connection from /127.0.0.1:58865 to /127.0.0.1:58866.
2026-04-30T19:36:59.243-0500 [DEBUG] [org.gradle.launcher.daemon.server.DaemonStateCoordinator] Command execution: started DaemonCommandExecution[command = Build{id=fe2695d6-f440-43c7-973e-bf72be8dd582, currentDir=D:\Users\wxinc\OneDrive\Desktop\Minecraft-modding-stuff\Furnitures-O-Plenty}, connection = DefaultDaemonConnection: socket connection from /127.0.0.1:58865 to /127.0.0.1:58866] after 0.0 minutes of idle
2026-04-30T19:36:59.243-0500 [INFO] [org.gradle.launcher.daemon.server.DaemonRegistryUpdater] Marking the daemon as busy, address: [a4b7149c-e5ab-4ace-86cc-27571b195ed8 port:58865, addresses:[localhost/127.0.0.1]]
2026-04-30T19:36:59.243-0500 [DEBUG] [org.gradle.launcher.daemon.registry.PersistentDaemonRegistry] Marking busy by address: [a4b7149c-e5ab-4ace-86cc-27571b195ed8 port:58865, addresses:[localhost/127.0.0.1]]
2026-04-30T19:36:59.244-0500 [DEBUG] [org.gradle.cache.internal.DefaultFileLockManager] Waiting to acquire exclusive lock on daemon addresses registry.
2026-04-30T19:36:59.244-0500 [DEBUG] [org.gradle.cache.internal.DefaultFileLockManager] Lock acquired on daemon addresses registry.
2026-04-30T19:36:59.245-0500 [DEBUG] [org.gradle.cache.internal.DefaultFileLockManager] Releasing lock on daemon addresses registry.
2026-04-30T19:36:59.246-0500 [DEBUG] [org.gradle.launcher.daemon.server.DaemonStateCoordinator] resetting idle timer
2026-04-30T19:36:59.246-0500 [DEBUG] [org.gradle.launcher.daemon.server.DaemonStateCoordinator] daemon is running. Sleeping until state changes.
2026-04-30T19:36:59.246-0500 [INFO] [org.gradle.launcher.daemon.server.exec.StartBuildOrRespondWithBusy] Daemon is about to start building Build{id=fe2695d6-f440-43c7-973e-bf72be8dd582, currentDir=D:\Users\wxinc\OneDrive\Desktop\Minecraft-modding-stuff\Furnitures-O-Plenty}. Dispatching build started information...
2026-04-30T19:36:59.247-0500 [DEBUG] [org.gradle.launcher.daemon.server.SynchronizedDispatchConnection] thread 32: dispatching org.gradle.launcher.daemon.protocol.BuildStarted@7fafa9a3
2026-04-30T19:36:59.248-0500 [DEBUG] [org.gradle.launcher.daemon.server.exec.EstablishBuildEnvironment] Configuring env variables: [USERDOMAIN_ROAMINGPROFILE, PROCESSOR_LEVEL, ALLUSERSPROFILE, CODEX_SHELL, PROCESSOR_ARCHITECTURE, PSModulePath, SystemDrive, DIRNAME, USERNAME, ProgramFiles(x86), CODEX_INTERNAL_ORIGINATOR_OVERRIDE, APP_HOME, CODEX_SANDBOX_NETWORK_DISABLED, DEFAULT_JVM_OPTS, PATHEXT, SHELL, DriverData, OneDriveConsumer, LOG_FORMAT, ProgramData, GIT_LFS_PATH, ProgramW6432, HOMEPATH, PROCESSOR_IDENTIFIER, ProgramFiles, PUBLIC, ZSH_TMUX_AUTOSTARTED, windir, LOCALAPPDATA, USERDOMAIN, LOGONSERVER, JAVA_HOME, PROMPT, RUST_LOG, OneDrive, APPDATA, GRADLE_USER_HOME, VBOX_HWVIRTEX_IGNORE_SVM_IN_USE, JAVA_EXE, CODEX_THREAD_ID, CommonProgramFiles, Path, DISABLE_AUTO_UPDATE, OS, COMPUTERNAME, PROCESSOR_REVISION, CLASSPATH, CommonProgramW6432, ComSpec, APP_BASE_NAME, ZSH_TMUX_AUTOSTART, =D:, SystemRoot, TEMP, HOMEDRIVE, USERPROFILE, TMP, CommonProgramFiles(x86), NUMBER_OF_PROCESSORS]
2026-04-30T19:36:59.250-0500 [DEBUG] [org.gradle.launcher.daemon.server.SynchronizedDispatchConnection] thread 30: received class org.gradle.launcher.daemon.protocol.CloseInput
2026-04-30T19:36:59.250-0500 [DEBUG] [org.gradle.launcher.daemon.server.DefaultDaemonConnection] thread 30: Received IO message from client: org.gradle.launcher.daemon.protocol.CloseInput@6fb90b75
2026-04-30T19:36:59.252-0500 [DEBUG] [org.gradle.launcher.daemon.server.exec.LogToClient] About to start relaying all logs to the client via the connection.
2026-04-30T19:36:59.252-0500 [INFO] [org.gradle.launcher.daemon.server.exec.LogToClient] The client will now receive all logging from the daemon (pid: 34292). The daemon log file: D:\Users\wxinc\OneDrive\Desktop\Minecraft-modding-stuff\Furnitures-O-Plenty\.gradle-user-home\daemon\8.8\daemon-34292.out.log
2026-04-30T19:36:59.254-0500 [DEBUG] [org.gradle.launcher.daemon.server.exec.RequestStopIfSingleUsedDaemon] Requesting daemon stop after processing Build{id=fe2695d6-f440-43c7-973e-bf72be8dd582, currentDir=D:\Users\wxinc\OneDrive\Desktop\Minecraft-modding-stuff\Furnitures-O-Plenty}
2026-04-30T19:36:59.255-0500 [LIFECYCLE] [org.gradle.launcher.daemon.server.DaemonStateCoordinator] Daemon will be stopped at the end of the build 
2026-04-30T19:36:59.255-0500 [DEBUG] [org.gradle.launcher.daemon.server.clientinput.ClientInputForwarder] Closing this process' stdin at end of input.
2026-04-30T19:36:59.255-0500 [DEBUG] [org.gradle.launcher.daemon.server.DaemonStateCoordinator] Stop as soon as idle requested. The daemon is busy: true
2026-04-30T19:36:59.255-0500 [DEBUG] [org.gradle.launcher.daemon.server.clientinput.ClientInputForwarder] This process will no longer process any forwarded input.
2026-04-30T19:36:59.255-0500 [DEBUG] [org.gradle.launcher.daemon.server.DaemonStateCoordinator] daemon stop has been requested. Sleeping until state changes.
2026-04-30T19:36:59.256-0500 [DEBUG] [org.gradle.launcher.daemon.server.exec.ExecuteBuild] The daemon has started executing the build.
2026-04-30T19:36:59.256-0500 [DEBUG] [org.gradle.launcher.daemon.server.exec.ExecuteBuild] Executing build with daemon context: DefaultDaemonContext[uid=5ac09e15-2775-4d64-a27c-6afeda28a5ca,javaHome=C:\Program Files\Java\jdk-17,javaVersion=17,daemonRegistryDir=D:\Users\wxinc\OneDrive\Desktop\Minecraft-modding-stuff\Furnitures-O-Plenty\.gradle-user-home\daemon,pid=34292,idleTimeout=120000,priority=NORMAL,applyInstrumentationAgent=true,nativeServicesMode=ENABLED,daemonOpts=-XX:+HeapDumpOnOutOfMemoryError,--add-opens=java.base/java.util=ALL-UNNAMED,--add-opens=java.base/java.lang=ALL-UNNAMED,--add-opens=java.base/java.lang.invoke=ALL-UNNAMED,--add-opens=java.prefs/java.util.prefs=ALL-UNNAMED,--add-opens=java.base/java.nio.charset=ALL-UNNAMED,--add-opens=java.base/java.net=ALL-UNNAMED,--add-opens=java.base/java.util.concurrent.atomic=ALL-UNNAMED,-Xms2G,-Xmx5G,-Dfile.encoding=UTF-8,-Duser.country=US,-Duser.language=en,-Duser.variant]
Java: 17.0.12, JVM: 17.0.12+8-LTS-286 (Oracle Corporation), Arch: amd64
D:\Users\wxinc\OneDrive\Desktop\Minecraft-modding-stuff\Furnitures-O-Plenty\src\main\java\com\rslover521\furnituresoplenty\client\model\ExtraModel.java:3: error: package net.minecraft.client.resources.model does not exist
import net.minecraft.client.resources.model.BakedModel;
                                           ^
D:\Users\wxinc\OneDrive\Desktop\Minecraft-modding-stuff\Furnitures-O-Plenty\src\main\java\com\rslover521\furnituresoplenty\client\model\ExtraModel.java:4: error: package net.minecraft.resources does not exist
import net.minecraft.resources.ResourceLocation;
                              ^
D:\Users\wxinc\OneDrive\Desktop\Minecraft-modding-stuff\Furnitures-O-Plenty\src\main\java\com\rslover521\furnituresoplenty\client\model\ExtraModel.java:7: error: cannot find symbol
	private final ResourceLocation resourceLocation;
	              ^
  symbol:   class ResourceLocation
  location: class ExtraModel
D:\Users\wxinc\OneDrive\Desktop\Minecraft-modding-stuff\Furnitures-O-Plenty\src\main\java\com\rslover521\furnituresoplenty\client\model\ExtraModel.java:8: error: cannot find symbol
	private BakedModel bakedModel;
	        ^
  symbol:   class BakedModel
  location: class ExtraModel
D:\Users\wxinc\OneDrive\Desktop\Minecraft-modding-stuff\Furnitures-O-Plenty\src\main\java\com\rslover521\furnituresoplenty\client\model\ExtraModel.java:10: error: cannot find symbol
	public ExtraModel(ResourceLocation resourceLocation) {
	                  ^
  symbol:   class ResourceLocation
  location: class ExtraModel
D:\Users\wxinc\OneDrive\Desktop\Minecraft-modding-stuff\Furnitures-O-Plenty\src\main\java\com\rslover521\furnituresoplenty\client\model\ExtraModel.java:14: error: cannot find symbol
	public ResourceLocation getResourceLocation() {
	       ^
  symbol:   class ResourceLocation
  location: class ExtraModel
D:\Users\wxinc\OneDrive\Desktop\Minecraft-modding-stuff\Furnitures-O-Plenty\src\main\java\com\rslover521\furnituresoplenty\client\model\ExtraModel.java:18: error: cannot find symbol
	public void setBakedModel(BakedModel bakedModel) {
	                          ^
  symbol:   class BakedModel
  location: class ExtraModel
D:\Users\wxinc\OneDrive\Desktop\Minecraft-modding-stuff\Furnitures-O-Plenty\src\main\java\com\rslover521\furnituresoplenty\client\model\ExtraModel.java:22: error: cannot find symbol
	public BakedModel getBakedModel() {
	       ^
  symbol:   class BakedModel
  location: class ExtraModel
D:\Users\wxinc\OneDrive\Desktop\Minecraft-modding-stuff\Furnitures-O-Plenty\src\main\java\com\rslover521\furnituresoplenty\client\renderer\CustomCeilingFanBlockEntityRenderer.java:5: error: package net.minecraft.client.renderer.blockentity does not exist
import net.minecraft.client.renderer.blockentity.BlockEntityRendererProvider.Context;
                                                ^
D:\Users\wxinc\OneDrive\Desktop\Minecraft-modding-stuff\Furnitures-O-Plenty\src\main\java\com\rslover521\furnituresoplenty\client\renderer\CustomCeilingFanBlockEntityRenderer.java:7: error: cannot access BlockEntityRenderer
public class CustomCeilingFanBlockEntityRenderer extends CeilingFanBlockEntityRenderer {
       ^
  class file for net.minecraft.client.renderer.blockentity.BlockEntityRenderer not found
D:\Users\wxinc\OneDrive\Desktop\Minecraft-modding-stuff\Furnitures-O-Plenty\src\main\java\com\rslover521\furnituresoplenty\client\renderer\CustomCeilingFanBlockEntityRenderer.java:8: error: cannot find symbol
	public CustomCeilingFanBlockEntityRenderer(Context context) {
	                                           ^
  symbol:   class Context
  location: class CustomCeilingFanBlockEntityRenderer
D:\Users\wxinc\OneDrive\Desktop\Minecraft-modding-stuff\Furnitures-O-Plenty\src\main\java\com\rslover521\furnituresoplenty\client\renderer\HedgeRenderTypes.java:6: error: package net.minecraft.client.renderer does not exist
import net.minecraft.client.renderer.ItemBlockRenderTypes;
                                    ^
D:\Users\wxinc\OneDrive\Desktop\Minecraft-modding-stuff\Furnitures-O-Plenty\src\main\java\com\rslover521\furnituresoplenty\client\renderer\HedgeRenderTypes.java:7: error: package net.minecraft.client.renderer does not exist
import net.minecraft.client.renderer.RenderType;
                                    ^
D:\Users\wxinc\OneDrive\Desktop\Minecraft-modding-stuff\Furnitures-O-Plenty\src\main\java\com\rslover521\furnituresoplenty\client\renderer\HedgeRenderTypes.java:11: error: package net.minecraftforge.fml.event.lifecycle does not exist
import net.minecraftforge.fml.event.lifecycle.FMLClientSetupEvent;
                                             ^
D:\Users\wxinc\OneDrive\Desktop\Minecraft-modding-stuff\Furnitures-O-Plenty\src\main\java\com\rslover521\furnituresoplenty\client\renderer\HedgeRenderTypes.java:20: error: cannot find symbol
    public static void onClientSetup(FMLClientSetupEvent event) {
                                     ^
  symbol:   class FMLClientSetupEvent
  location: class HedgeRenderTypes
D:\Users\wxinc\OneDrive\Desktop\Minecraft-modding-stuff\Furnitures-O-Plenty\src\main\java\com\rslover521\furnituresoplenty\Config.java:3: error: package net.minecraft.resources does not exist
import net.minecraft.resources.ResourceLocation;
                              ^
D:\Users\wxinc\OneDrive\Desktop\Minecraft-modding-stuff\Furnitures-O-Plenty\src\main\java\com\rslover521\furnituresoplenty\Config.java:4: error: package net.minecraft.world.item does not exist
import net.minecraft.world.item.Item;
                               ^
D:\Users\wxinc\OneDrive\Desktop\Minecraft-modding-stuff\Furnitures-O-Plenty\src\main\java\com\rslover521\furnituresoplenty\Config.java:5: error: package net.minecraftforge.common does not exist
import net.minecraftforge.common.ForgeConfigSpec;
                                ^
D:\Users\wxinc\OneDrive\Desktop\Minecraft-modding-stuff\Furnitures-O-Plenty\src\main\java\com\rslover521\furnituresoplenty\Config.java:8: error: package net.minecraftforge.fml.event.config does not exist
import net.minecraftforge.fml.event.config.ModConfigEvent;
                                          ^
D:\Users\wxinc\OneDrive\Desktop\Minecraft-modding-stuff\Furnitures-O-Plenty\src\main\java\com\rslover521\furnituresoplenty\Config.java:9: error: package net.minecraftforge.registries does not exist
import net.minecraftforge.registries.ForgeRegistries;
                                    ^
D:\Users\wxinc\OneDrive\Desktop\Minecraft-modding-stuff\Furnitures-O-Plenty\src\main\java\com\rslover521\furnituresoplenty\Config.java:20: error: package ForgeConfigSpec does not exist
    private static final ForgeConfigSpec.Builder BUILDER = new ForgeConfigSpec.Builder();
                                        ^
D:\Users\wxinc\OneDrive\Desktop\Minecraft-modding-stuff\Furnitures-O-Plenty\src\main\java\com\rslover521\furnituresoplenty\Config.java:22: error: package ForgeConfigSpec does not exist
    private static final ForgeConfigSpec.BooleanValue LOG_DIRT_BLOCK = BUILDER
                                        ^
D:\Users\wxinc\OneDrive\Desktop\Minecraft-modding-stuff\Furnitures-O-Plenty\src\main\java\com\rslover521\furnituresoplenty\Config.java:26: error: package ForgeConfigSpec does not exist
    private static final ForgeConfigSpec.IntValue MAGIC_NUMBER = BUILDER
                                        ^
D:\Users\wxinc\OneDrive\Desktop\Minecraft-modding-stuff\Furnitures-O-Plenty\src\main\java\com\rslover521\furnituresoplenty\Config.java:30: error: package ForgeConfigSpec does not exist
    public static final ForgeConfigSpec.ConfigValue<String> MAGIC_NUMBER_INTRODUCTION = BUILDER
                                       ^
D:\Users\wxinc\OneDrive\Desktop\Minecraft-modding-stuff\Furnitures-O-Plenty\src\main\java\com\rslover521\furnituresoplenty\Config.java:35: error: package ForgeConfigSpec does not exist
    private static final ForgeConfigSpec.ConfigValue<List<? extends String>> ITEM_STRINGS = BUILDER
                                        ^
D:\Users\wxinc\OneDrive\Desktop\Minecraft-modding-stuff\Furnitures-O-Plenty\src\main\java\com\rslover521\furnituresoplenty\Config.java:39: error: cannot find symbol
    static final ForgeConfigSpec SPEC = BUILDER.build();
                 ^
  symbol:   class ForgeConfigSpec
  location: class Config
D:\Users\wxinc\OneDrive\Desktop\Minecraft-modding-stuff\Furnitures-O-Plenty\src\main\java\com\rslover521\furnituresoplenty\Config.java:44: error: cannot find symbol
    public static Set<Item> items;
                      ^
  symbol:   class Item
  location: class Config
D:\Users\wxinc\OneDrive\Desktop\Minecraft-modding-stuff\Furnitures-O-Plenty\src\main\java\com\rslover521\furnituresoplenty\Config.java:54: error: cannot find symbol
    static void onLoad(final ModConfigEvent event)
                             ^
  symbol:   class ModConfigEvent
  location: class Config
D:\Users\wxinc\OneDrive\Desktop\Minecraft-modding-stuff\Furnitures-O-Plenty\src\main\java\com\rslover521\furnituresoplenty\core\ModAdvancementEvents.java:5: error: package net.minecraft.resources does not exist
import net.minecraft.resources.ResourceLocation;
                              ^
D:\Users\wxinc\OneDrive\Desktop\Minecraft-modding-stuff\Furnitures-O-Plenty\src\main\java\com\rslover521\furnituresoplenty\core\ModAdvancementEvents.java:6: error: package net.minecraft.server.level does not exist
import net.minecraft.server.level.ServerPlayer;
                                 ^
D:\Users\wxinc\OneDrive\Desktop\Minecraft-modding-stuff\Furnitures-O-Plenty\src\main\java\com\rslover521\furnituresoplenty\core\ModAdvancementEvents.java:7: error: package net.minecraftforge.event.entity.player does not exist
import net.minecraftforge.event.entity.player.PlayerEvent;
                                             ^
D:\Users\wxinc\OneDrive\Desktop\Minecraft-modding-stuff\Furnitures-O-Plenty\src\main\java\com\rslover521\furnituresoplenty\core\ModAdvancementEvents.java:14: error: cannot find symbol
	private static final ResourceLocation ROOT_ADVANCEMENT = 
	                     ^
  symbol:   class ResourceLocation
  location: class ModAdvancementEvents
D:\Users\wxinc\OneDrive\Desktop\Minecraft-modding-stuff\Furnitures-O-Plenty\src\main\java\com\rslover521\furnituresoplenty\core\ModAdvancementEvents.java:18: error: package PlayerEvent does not exist
	public static void onPlayerJoin(PlayerEvent.PlayerLoggedInEvent event) {
	                                           ^
D:\Users\wxinc\OneDrive\Desktop\Minecraft-modding-stuff\Furnitures-O-Plenty\src\main\java\com\rslover521\furnituresoplenty\core\ModBlockEntities.java:18: error: package net.minecraft.world.level.block.entity does not exist
import net.minecraft.world.level.block.entity.BlockEntityType;
                                             ^
D:\Users\wxinc\OneDrive\Desktop\Minecraft-modding-stuff\Furnitures-O-Plenty\src\main\java\com\rslover521\furnituresoplenty\core\ModBlockEntities.java:20: error: package net.minecraftforge.registries does not exist
import net.minecraftforge.registries.DeferredRegister;
                                    ^
D:\Users\wxinc\OneDrive\Desktop\Minecraft-modding-stuff\Furnitures-O-Plenty\src\main\java\com\rslover521\furnituresoplenty\core\ModBlockEntities.java:21: error: package net.minecraftforge.registries does not exist
import net.minecraftforge.registries.ForgeRegistries;
                                    ^
D:\Users\wxinc\OneDrive\Desktop\Minecraft-modding-stuff\Furnitures-O-Plenty\src\main\java\com\rslover521\furnituresoplenty\core\ModBlockEntities.java:22: error: package net.minecraftforge.registries does not exist
import net.minecraftforge.registries.RegistryObject;
                                    ^
D:\Users\wxinc\OneDrive\Desktop\Minecraft-modding-stuff\Furnitures-O-Plenty\src\main\java\com\rslover521\furnituresoplenty\core\ModBlockEntities.java:25: error: cannot find symbol
	public static final DeferredRegister<BlockEntityType<?>> BLOCK_ENTITIES = 
	                    ^
  symbol:   class DeferredRegister
  location: class ModBlockEntities
D:\Users\wxinc\OneDrive\Desktop\Minecraft-modding-stuff\Furnitures-O-Plenty\src\main\java\com\rslover521\furnituresoplenty\core\ModBlockEntities.java:25: error: cannot find symbol
	public static final DeferredRegister<BlockEntityType<?>> BLOCK_ENTITIES = 
	                                     ^
  symbol:   class BlockEntityType
  location: class ModBlockEntities
D:\Users\wxinc\OneDrive\Desktop\Minecraft-modding-stuff\Furnitures-O-Plenty\src\main\java\com\rslover521\furnituresoplenty\core\ModBlockEntities.java:28: error: cannot find symbol
	public static final RegistryObject<BlockEntityType<BasinBlockEntity>> CUSTOM_BASIN = 
	                    ^
  symbol:   class RegistryObject
  location: class ModBlockEntities
D:\Users\wxinc\OneDrive\Desktop\Minecraft-modding-stuff\Furnitures-O-Plenty\src\main\java\com\rslover521\furnituresoplenty\core\ModBlockEntities.java:28: error: cannot find symbol
	public static final RegistryObject<BlockEntityType<BasinBlockEntity>> CUSTOM_BASIN = 
	                                   ^
  symbol:   class BlockEntityType
  location: class ModBlockEntities
D:\Users\wxinc\OneDrive\Desktop\Minecraft-modding-stuff\Furnitures-O-Plenty\src\main\java\com\rslover521\furnituresoplenty\core\ModBlockEntities.java:46: error: cannot find symbol
	public static final RegistryObject<BlockEntityType<BathBlockEntity>> CUSTOM_BATH = 
	                    ^
  symbol:   class RegistryObject
  location: class ModBlockEntities
D:\Users\wxinc\OneDrive\Desktop\Minecraft-modding-stuff\Furnitures-O-Plenty\src\main\java\com\rslover521\furnituresoplenty\core\ModBlockEntities.java:46: error: cannot find symbol
	public static final RegistryObject<BlockEntityType<BathBlockEntity>> CUSTOM_BATH = 
	                                   ^
  symbol:   class BlockEntityType
  location: class ModBlockEntities
D:\Users\wxinc\OneDrive\Desktop\Minecraft-modding-stuff\Furnitures-O-Plenty\src\main\java\com\rslover521\furnituresoplenty\core\ModBlockEntities.java:64: error: cannot find symbol
	public static final RegistryObject<BlockEntityType<CeilingFanBlockEntity>> CUSTOM_CEILING_FAN = 
	                    ^
  symbol:   class RegistryObject
  location: class ModBlockEntities
D:\Users\wxinc\OneDrive\Desktop\Minecraft-modding-stuff\Furnitures-O-Plenty\src\main\java\com\rslover521\furnituresoplenty\core\ModBlockEntities.java:64: error: cannot find symbol
	public static final RegistryObject<BlockEntityType<CeilingFanBlockEntity>> CUSTOM_CEILING_FAN = 
	                                   ^
  symbol:   class BlockEntityType
  location: class ModBlockEntities
D:\Users\wxinc\OneDrive\Desktop\Minecraft-modding-stuff\Furnitures-O-Plenty\src\main\java\com\rslover521\furnituresoplenty\core\ModBlockEntities.java:98: error: cannot find symbol
    public static final RegistryObject<BlockEntityType<CrateBlockEntity>> CUSTOM_CRATE = 
                        ^
  symbol:   class RegistryObject
  location: class ModBlockEntities
D:\Users\wxinc\OneDrive\Desktop\Minecraft-modding-stuff\Furnitures-O-Plenty\src\main\java\com\rslover521\furnituresoplenty\core\ModBlockEntities.java:98: error: cannot find symbol
    public static final RegistryObject<BlockEntityType<CrateBlockEntity>> CUSTOM_CRATE = 
                                       ^
  symbol:   class BlockEntityType
  location: class ModBlockEntities
D:\Users\wxinc\OneDrive\Desktop\Minecraft-modding-stuff\Furnitures-O-Plenty\src\main\java\com\rslover521\furnituresoplenty\core\ModBlockEntities.java:116: error: cannot find symbol
    public static final RegistryObject<BlockEntityType<CuttingBoardBlockEntity>> CUSTOM_CUTTING_BOARD =
                        ^
  symbol:   class RegistryObject
  location: class ModBlockEntities
D:\Users\wxinc\OneDrive\Desktop\Minecraft-modding-stuff\Furnitures-O-Plenty\src\main\java\com\rslover521\furnituresoplenty\core\ModBlockEntities.java:116: error: cannot find symbol
    public static final RegistryObject<BlockEntityType<CuttingBoardBlockEntity>> CUSTOM_CUTTING_BOARD =
                                       ^
  symbol:   class BlockEntityType
  location: class ModBlockEntities
D:\Users\wxinc\OneDrive\Desktop\Minecraft-modding-stuff\Furnitures-O-Plenty\src\main\java\com\rslover521\furnituresoplenty\core\ModBlockEntities.java:134: error: cannot find symbol
    public static final RegistryObject<BlockEntityType<DrawerBlockEntity>> CUSTOM_DRAWER = 
                        ^
  symbol:   class RegistryObject
  location: class ModBlockEntities
D:\Users\wxinc\OneDrive\Desktop\Minecraft-modding-stuff\Furnitures-O-Plenty\src\main\java\com\rslover521\furnituresoplenty\core\ModBlockEntities.java:134: error: cannot find symbol
    public static final RegistryObject<BlockEntityType<DrawerBlockEntity>> CUSTOM_DRAWER = 
                                       ^
  symbol:   class BlockEntityType
  location: class ModBlockEntities
D:\Users\wxinc\OneDrive\Desktop\Minecraft-modding-stuff\Furnitures-O-Plenty\src\main\java\com\rslover521\furnituresoplenty\core\ModBlockEntities.java:152: error: cannot find symbol
	public static final RegistryObject<BlockEntityType<KitchenDrawerBlockEntity>> CUSTOM_KITCHEN_DRAWER = 
	                    ^
  symbol:   class RegistryObject
  location: class ModBlockEntities
D:\Users\wxinc\OneDrive\Desktop\Minecraft-modding-stuff\Furnitures-O-Plenty\src\main\java\com\rslover521\furnituresoplenty\core\ModBlockEntities.java:152: error: cannot find symbol
	public static final RegistryObject<BlockEntityType<KitchenDrawerBlockEntity>> CUSTOM_KITCHEN_DRAWER = 
	                                   ^
  symbol:   class BlockEntityType
  location: class ModBlockEntities
D:\Users\wxinc\OneDrive\Desktop\Minecraft-modding-stuff\Furnitures-O-Plenty\src\main\java\com\rslover521\furnituresoplenty\core\ModBlockEntities.java:170: error: cannot find symbol
	public static final RegistryObject<BlockEntityType<KitchenSinkBlockEntity>> CUSTOM_KITCHEN_SINK = 
	                    ^
  symbol:   class RegistryObject
  location: class ModBlockEntities
D:\Users\wxinc\OneDrive\Desktop\Minecraft-modding-stuff\Furnitures-O-Plenty\src\main\java\com\rslover521\furnituresoplenty\core\ModBlockEntities.java:170: error: cannot find symbol
	public static final RegistryObject<BlockEntityType<KitchenSinkBlockEntity>> CUSTOM_KITCHEN_SINK = 
	                                   ^
  symbol:   class BlockEntityType
  location: class ModBlockEntities
D:\Users\wxinc\OneDrive\Desktop\Minecraft-modding-stuff\Furnitures-O-Plenty\src\main\java\com\rslover521\furnituresoplenty\core\ModBlockEntities.java:188: error: cannot find symbol
	public static final RegistryObject<BlockEntityType<MailboxBlockEntity>> CUSTOM_MAIL_BOX = 
	                    ^
  symbol:   class RegistryObject
  location: class ModBlockEntities
D:\Users\wxinc\OneDrive\Desktop\Minecraft-modding-stuff\Furnitures-O-Plenty\src\main\java\com\rslover521\furnituresoplenty\core\ModBlockEntities.java:188: error: cannot find symbol
	public static final RegistryObject<BlockEntityType<MailboxBlockEntity>> CUSTOM_MAIL_BOX = 
	                                   ^
  symbol:   class BlockEntityType
  location: class ModBlockEntities
D:\Users\wxinc\OneDrive\Desktop\Minecraft-modding-stuff\Furnitures-O-Plenty\src\main\java\com\rslover521\furnituresoplenty\core\ModBlockEntities.java:206: error: cannot find symbol
    public static final RegistryObject<BlockEntityType<StorageJarBlockEntity>> CUSTOM_STORAGE_JAR =
                        ^
  symbol:   class RegistryObject
  location: class ModBlockEntities
D:\Users\wxinc\OneDrive\Desktop\Minecraft-modding-stuff\Furnitures-O-Plenty\src\main\java\com\rslover521\furnituresoplenty\core\ModBlockEntities.java:206: error: cannot find symbol
    public static final RegistryObject<BlockEntityType<StorageJarBlockEntity>> CUSTOM_STORAGE_JAR =
                                       ^
  symbol:   class BlockEntityType
  location: class ModBlockEntities
D:\Users\wxinc\OneDrive\Desktop\Minecraft-modding-stuff\Furnitures-O-Plenty\src\main\java\com\rslover521\furnituresoplenty\core\ModBlockEntities.java:224: error: cannot find symbol
    public static final RegistryObject<BlockEntityType<StorageCabinetBlockEntity>> CUSTOM_STORAGE_CABINET =
                        ^
  symbol:   class RegistryObject
  location: class ModBlockEntities
D:\Users\wxinc\OneDrive\Desktop\Minecraft-modding-stuff\Furnitures-O-Plenty\src\main\java\com\rslover521\furnituresoplenty\core\ModBlockEntities.java:224: error: cannot find symbol
    public static final RegistryObject<BlockEntityType<StorageCabinetBlockEntity>> CUSTOM_STORAGE_CABINET =
                                       ^
  symbol:   class BlockEntityType
  location: class ModBlockEntities
D:\Users\wxinc\OneDrive\Desktop\Minecraft-modding-stuff\Furnitures-O-Plenty\src\main\java\com\rslover521\furnituresoplenty\core\ModBlockEntities.java:258: error: cannot find symbol
    public static final RegistryObject<BlockEntityType<ToiletBlockEntity>> CUSTOM_TOILET = 
                        ^
  symbol:   class RegistryObject
  location: class ModBlockEntities
D:\Users\wxinc\OneDrive\Desktop\Minecraft-modding-stuff\Furnitures-O-Plenty\src\main\java\com\rslover521\furnituresoplenty\core\ModBlockEntities.java:258: error: cannot find symbol
    public static final RegistryObject<BlockEntityType<ToiletBlockEntity>> CUSTOM_TOILET = 
                                       ^
  symbol:   class BlockEntityType
  location: class ModBlockEntities
D:\Users\wxinc\OneDrive\Desktop\Minecraft-modding-stuff\Furnitures-O-Plenty\src\main\java\com\rslover521\furnituresoplenty\core\ModBlocks.java:31: error: package net.minecraft.world.level.block does not exist
import net.minecraft.world.level.block.Block;
                                      ^
D:\Users\wxinc\OneDrive\Desktop\Minecraft-modding-stuff\Furnitures-O-Plenty\src\main\java\com\rslover521\furnituresoplenty\core\ModBlocks.java:32: error: package net.minecraft.world.level.block does not exist
import net.minecraft.world.level.block.SoundType;
                                      ^
D:\Users\wxinc\OneDrive\Desktop\Minecraft-modding-stuff\Furnitures-O-Plenty\src\main\java\com\rslover521\furnituresoplenty\core\ModBlocks.java:33: error: package net.minecraft.world.level.block.state does not exist
import net.minecraft.world.level.block.state.BlockBehaviour;
                                            ^
D:\Users\wxinc\OneDrive\Desktop\Minecraft-modding-stuff\Furnitures-O-Plenty\src\main\java\com\rslover521\furnituresoplenty\core\ModBlocks.java:34: error: package net.minecraft.world.level.block.state.properties does not exist
import net.minecraft.world.level.block.state.properties.NoteBlockInstrument;
                                                       ^
D:\Users\wxinc\OneDrive\Desktop\Minecraft-modding-stuff\Furnitures-O-Plenty\src\main\java\com\rslover521\furnituresoplenty\core\ModBlocks.java:35: error: package net.minecraft.world.level.block.state.properties does not exist
import net.minecraft.world.level.block.state.properties.WoodType;
                                                       ^
D:\Users\wxinc\OneDrive\Desktop\Minecraft-modding-stuff\Furnitures-O-Plenty\src\main\java\com\rslover521\furnituresoplenty\core\ModBlocks.java:37: error: package net.minecraftforge.registries does not exist
import net.minecraftforge.registries.DeferredRegister;
                                    ^
D:\Users\wxinc\OneDrive\Desktop\Minecraft-modding-stuff\Furnitures-O-Plenty\src\main\java\com\rslover521\furnituresoplenty\core\ModBlocks.java:38: error: package net.minecraftforge.registries does not exist
import net.minecraftforge.registries.ForgeRegistries;
                                    ^
D:\Users\wxinc\OneDrive\Desktop\Minecraft-modding-stuff\Furnitures-O-Plenty\src\main\java\com\rslover521\furnituresoplenty\core\ModBlocks.java:39: error: package net.minecraftforge.registries does not exist
import net.minecraftforge.registries.RegistryObject;
                                    ^
D:\Users\wxinc\OneDrive\Desktop\Minecraft-modding-stuff\Furnitures-O-Plenty\src\main\java\com\rslover521\furnituresoplenty\core\ModBlocks.java:45: error: cannot find symbol
	public static final Map<WoodType, Supplier<Block>> BOP_PLANKS_BY_WOOD = Map.ofEntries(
	                        ^
  symbol:   class WoodType
  location: class ModBlocks
D:\Users\wxinc\OneDrive\Desktop\Minecraft-modding-stuff\Furnitures-O-Plenty\src\main\java\com\rslover521\furnituresoplenty\core\ModBlocks.java:45: error: cannot find symbol
	public static final Map<WoodType, Supplier<Block>> BOP_PLANKS_BY_WOOD = Map.ofEntries(
	                                           ^
  symbol:   class Block
  location: class ModBlocks
D:\Users\wxinc\OneDrive\Desktop\Minecraft-modding-stuff\Furnitures-O-Plenty\src\main\java\com\rslover521\furnituresoplenty\core\ModBlocks.java:61: error: cannot find symbol
	public static final Map<WoodType, Supplier<Block>> BOP_LEAVES_BY_WOOD = Map.ofEntries(
	                        ^
  symbol:   class WoodType
  location: class ModBlocks
D:\Users\wxinc\OneDrive\Desktop\Minecraft-modding-stuff\Furnitures-O-Plenty\src\main\java\com\rslover521\furnituresoplenty\core\ModBlocks.java:61: error: cannot find symbol
	public static final Map<WoodType, Supplier<Block>> BOP_LEAVES_BY_WOOD = Map.ofEntries(
	                                           ^
  symbol:   class Block
  location: class ModBlocks
D:\Users\wxinc\OneDrive\Desktop\Minecraft-modding-stuff\Furnitures-O-Plenty\src\main\java\com\rslover521\furnituresoplenty\core\ModBlocks.java:77: error: cannot find symbol
	public static final Map<CustomBOPLeafType, Supplier<Block>> HEDGE_LEAVES_BY_TYPE = Map.ofEntries(
	                                                    ^
  symbol:   class Block
  location: class ModBlocks
D:\Users\wxinc\OneDrive\Desktop\Minecraft-modding-stuff\Furnitures-O-Plenty\src\main\java\com\rslover521\furnituresoplenty\core\ModBlocks.java:100: error: cannot find symbol
	public static final Map<WoodType, CustomBOPLeafType> HEDGE_LEAF_TYPES_BY_WOOD = Map.ofEntries(
	                        ^
  symbol:   class WoodType
  location: class ModBlocks
D:\Users\wxinc\OneDrive\Desktop\Minecraft-modding-stuff\Furnitures-O-Plenty\src\main\java\com\rslover521\furnituresoplenty\core\ModBlocks.java:116: error: cannot find symbol
	public static final DeferredRegister<Block> BLOCKS =
	                    ^
  symbol:   class DeferredRegister
  location: class ModBlocks
D:\Users\wxinc\OneDrive\Desktop\Minecraft-modding-stuff\Furnitures-O-Plenty\src\main\java\com\rslover521\furnituresoplenty\core\ModBlocks.java:116: error: cannot find symbol
	public static final DeferredRegister<Block> BLOCKS =
	                                     ^
  symbol:   class Block
  location: class ModBlocks
D:\Users\wxinc\OneDrive\Desktop\Minecraft-modding-stuff\Furnitures-O-Plenty\src\main\java\com\rslover521\furnituresoplenty\core\ModBlocks.java:120: error: cannot find symbol
	public static final RegistryObject<Block> FIR_BASIN;
	                    ^
  symbol:   class RegistryObject
  location: class ModBlocks
D:\Users\wxinc\OneDrive\Desktop\Minecraft-modding-stuff\Furnitures-O-Plenty\src\main\java\com\rslover521\furnituresoplenty\core\ModBlocks.java:120: error: cannot find symbol
	public static final RegistryObject<Block> FIR_BASIN;
	                                   ^
  symbol:   class Block
  location: class ModBlocks
D:\Users\wxinc\OneDrive\Desktop\Minecraft-modding-stuff\Furnitures-O-Plenty\src\main\java\com\rslover521\furnituresoplenty\core\ModBlocks.java:121: error: cannot find symbol
	public static final RegistryObject<Block> PINE_BASIN;
	                    ^
  symbol:   class RegistryObject
  location: class ModBlocks
D:\Users\wxinc\OneDrive\Desktop\Minecraft-modding-stuff\Furnitures-O-Plenty\src\main\java\com\rslover521\furnituresoplenty\core\ModBlocks.java:121: error: cannot find symbol
	public static final RegistryObject<Block> PINE_BASIN;
	                                   ^
  symbol:   class Block
  location: class ModBlocks
D:\Users\wxinc\OneDrive\Desktop\Minecraft-modding-stuff\Furnitures-O-Plenty\src\main\java\com\rslover521\furnituresoplenty\core\ModBlocks.java:122: error: cannot find symbol
	public static final RegistryObject<Block> MAPLE_BASIN;
	                    ^
  symbol:   class RegistryObject
  location: class ModBlocks
D:\Users\wxinc\OneDrive\Desktop\Minecraft-modding-stuff\Furnitures-O-Plenty\src\main\java\com\rslover521\furnituresoplenty\core\ModBlocks.java:122: error: cannot find symbol
	public static final RegistryObject<Block> MAPLE_BASIN;
	                                   ^
  symbol:   class Block
  location: class ModBlocks
D:\Users\wxinc\OneDrive\Desktop\Minecraft-modding-stuff\Furnitures-O-Plenty\src\main\java\com\rslover521\furnituresoplenty\core\ModBlocks.java:123: error: cannot find symbol
	public static final RegistryObject<Block> REDWOOD_BASIN;
	                    ^
  symbol:   class RegistryObject
  location: class ModBlocks
D:\Users\wxinc\OneDrive\Desktop\Minecraft-modding-stuff\Furnitures-O-Plenty\src\main\java\com\rslover521\furnituresoplenty\core\ModBlocks.java:123: error: cannot find symbol
	public static final RegistryObject<Block> REDWOOD_BASIN;
	                                   ^
  symbol:   class Block
  location: class ModBlocks
D:\Users\wxinc\OneDrive\Desktop\Minecraft-modding-stuff\Furnitures-O-Plenty\src\main\java\com\rslover521\furnituresoplenty\core\ModBlocks.java:124: error: cannot find symbol
	public static final RegistryObject<Block> MAHOGANY_BASIN;
	                    ^
  symbol:   class RegistryObject
  location: class ModBlocks
D:\Users\wxinc\OneDrive\Desktop\Minecraft-modding-stuff\Furnitures-O-Plenty\src\main\java\com\rslover521\furnituresoplenty\core\ModBlocks.java:124: error: cannot find symbol
	public static final RegistryObject<Block> MAHOGANY_BASIN;
	                                   ^
  symbol:   class Block
  location: class ModBlocks
D:\Users\wxinc\OneDrive\Desktop\Minecraft-modding-stuff\Furnitures-O-Plenty\src\main\java\com\rslover521\furnituresoplenty\core\ModBlocks.java:125: error: cannot find symbol
	public static final RegistryObject<Block> JACARANDA_BASIN;
	                    ^
  symbol:   class RegistryObject
  location: class ModBlocks
D:\Users\wxinc\OneDrive\Desktop\Minecraft-modding-stuff\Furnitures-O-Plenty\src\main\java\com\rslover521\furnituresoplenty\core\ModBlocks.java:125: error: cannot find symbol
	public static final RegistryObject<Block> JACARANDA_BASIN;
	                                   ^
  symbol:   class Block
  location: class ModBlocks
D:\Users\wxinc\OneDrive\Desktop\Minecraft-modding-stuff\Furnitures-O-Plenty\src\main\java\com\rslover521\furnituresoplenty\core\ModBlocks.java:126: error: cannot find symbol
	public static final RegistryObject<Block> PALM_BASIN;
	                    ^
  symbol:   class RegistryObject
  location: class ModBlocks
D:\Users\wxinc\OneDrive\Desktop\Minecraft-modding-stuff\Furnitures-O-Plenty\src\main\java\com\rslover521\furnituresoplenty\core\ModBlocks.java:126: error: cannot find symbol
	public static final RegistryObject<Block> PALM_BASIN;
	                                   ^
  symbol:   class Block
  location: class ModBlocks
D:\Users\wxinc\OneDrive\Desktop\Minecraft-modding-stuff\Furnitures-O-Plenty\src\main\java\com\rslover521\furnituresoplenty\core\ModBlocks.java:127: error: cannot find symbol
	public static final RegistryObject<Block> WILLOW_BASIN;
	                    ^
  symbol:   class RegistryObject
  location: class ModBlocks
D:\Users\wxinc\OneDrive\Desktop\Minecraft-modding-stuff\Furnitures-O-Plenty\src\main\java\com\rslover521\furnituresoplenty\core\ModBlocks.java:127: error: cannot find symbol
	public static final RegistryObject<Block> WILLOW_BASIN;
	                                   ^
  symbol:   class Block
  location: class ModBlocks
D:\Users\wxinc\OneDrive\Desktop\Minecraft-modding-stuff\Furnitures-O-Plenty\src\main\java\com\rslover521\furnituresoplenty\core\ModBlocks.java:128: error: cannot find symbol
	public static final RegistryObject<Block> DEAD_BASIN;
	                    ^
  symbol:   class RegistryObject
  location: class ModBlocks
D:\Users\wxinc\OneDrive\Desktop\Minecraft-modding-stuff\Furnitures-O-Plenty\src\main\java\com\rslover521\furnituresoplenty\core\ModBlocks.java:128: error: cannot find symbol
	public static final RegistryObject<Block> DEAD_BASIN;
	                                   ^
  symbol:   class Block
  location: class ModBlocks
D:\Users\wxinc\OneDrive\Desktop\Minecraft-modding-stuff\Furnitures-O-Plenty\src\main\java\com\rslover521\furnituresoplenty\core\ModBlocks.java:129: error: cannot find symbol
	public static final RegistryObject<Block> MAGIC_BASIN;
	                    ^
  symbol:   class RegistryObject
  location: class ModBlocks
D:\Users\wxinc\OneDrive\Desktop\Minecraft-modding-stuff\Furnitures-O-Plenty\src\main\java\com\rslover521\furnituresoplenty\core\ModBlocks.java:129: error: cannot find symbol
	public static final RegistryObject<Block> MAGIC_BASIN;
	                                   ^
  symbol:   class Block
  location: class ModBlocks
D:\Users\wxinc\OneDrive\Desktop\Minecraft-modding-stuff\Furnitures-O-Plenty\src\main\java\com\rslover521\furnituresoplenty\core\ModBlocks.java:130: error: cannot find symbol
	public static final RegistryObject<Block> UMBRAN_BASIN;
	                    ^
  symbol:   class RegistryObject
  location: class ModBlocks
100 errors
only showing the first 100 errors, of 2340 total; use -Xmaxerrs if you would like to see more

FAILURE: Build failed with an exception.

* What went wrong:
Execution failed for task ':compileJava'.
> Compilation failed; see the compiler error output for details.

* Try:
> Run with --info option to get more log output.
> Run with --scan to get full insights.

Deprecated Gradle features were used in this build, making it incompatible with Gradle 9.0.

You can use '--warning-mode all' to show the individual deprecation warnings and determine if they come from your own scripts or plugins.

For more on this, please refer to https://docs.gradle.org/8.8/userguide/command_line_interface.html#sec:command_line_warnings in the Gradle documentation.

BUILD FAILED in 25s
1 actionable task: 1 executed
2026-04-30T19:37:21.423-0500 [DEBUG] [org.gradle.launcher.daemon.server.exec.ExecuteBuild] The daemon has finished executing the build.
2026-04-30T19:37:21.444-0500 [DEBUG] [org.gradle.launcher.daemon.server.DaemonStateCoordinator] daemon stop has been requested. Sleeping until state changes.
2026-04-30T19:37:21.444-0500 [DEBUG] [org.gradle.launcher.daemon.server.DaemonStateCoordinator] Command execution: finished waiting for DaemonCommandExecution[command = Build{id=fe2695d6-f440-43c7-973e-bf72be8dd582, currentDir=D:\Users\wxinc\OneDrive\Desktop\Minecraft-modding-stuff\Furnitures-O-Plenty}, connection = DefaultDaemonConnection: socket connection from /127.0.0.1:58865 to /127.0.0.1:58866]. Result org.gradle.launcher.daemon.server.DaemonStateCoordinator@4f5d37a9 with state StopRequested
2026-04-30T19:37:21.444-0500 [DEBUG] [org.gradle.launcher.daemon.server.DaemonStateCoordinator] Command execution: completed DaemonCommandExecution[command = Build{id=fe2695d6-f440-43c7-973e-bf72be8dd582, currentDir=D:\Users\wxinc\OneDrive\Desktop\Minecraft-modding-stuff\Furnitures-O-Plenty}, connection = DefaultDaemonConnection: socket connection from /127.0.0.1:58865 to /127.0.0.1:58866]
2026-04-30T19:37:21.444-0500 [DEBUG] [org.gradle.launcher.daemon.server.DaemonStateCoordinator] resetting idle timer
2026-04-30T19:37:21.444-0500 [DEBUG] [org.gradle.launcher.daemon.server.DaemonStateCoordinator] Marking daemon stopped due to command completed and stop requested. The daemon is running a build: false
2026-04-30T19:37:21.445-0500 [DEBUG] [org.gradle.launcher.daemon.server.DaemonStateCoordinator] daemon has stopped.
2026-04-30T19:37:21.445-0500 [DEBUG] [org.gradle.launcher.daemon.server.Daemon] stop() called on daemon
2026-04-30T19:37:21.445-0500 [INFO] [org.gradle.launcher.daemon.server.Daemon] Stop requested. Daemon is removing its presence from the registry...
2026-04-30T19:37:21.445-0500 [DEBUG] [org.gradle.launcher.daemon.server.exec.ReturnResult] Daemon is dispatching the build result: Success[value=org.gradle.launcher.exec.BuildActionResult@7c04d429]
2026-04-30T19:37:21.445-0500 [DEBUG] [org.gradle.launcher.daemon.server.DaemonRegistryUpdater] Removing our presence to clients, eg. removing this address from the registry: [a4b7149c-e5ab-4ace-86cc-27571b195ed8 port:58865, addresses:[localhost/127.0.0.1]]
2026-04-30T19:37:21.445-0500 [DEBUG] [org.gradle.launcher.daemon.registry.PersistentDaemonRegistry] Removing daemon address: [a4b7149c-e5ab-4ace-86cc-27571b195ed8 port:58865, addresses:[localhost/127.0.0.1]]
2026-04-30T19:37:21.445-0500 [DEBUG] [org.gradle.launcher.daemon.server.SynchronizedDispatchConnection] thread 29: dispatching Success[value=org.gradle.launcher.exec.BuildActionResult@7c04d429]
2026-04-30T19:37:21.447-0500 [DEBUG] [org.gradle.cache.internal.DefaultFileLockManager] Waiting to acquire exclusive lock on daemon addresses registry.
2026-04-30T19:37:21.447-0500 [DEBUG] [org.gradle.cache.internal.DefaultFileLockManager] Lock acquired on daemon addresses registry.
2026-04-30T19:37:21.448-0500 [DEBUG] [org.gradle.cache.internal.DefaultFileLockManager] Releasing lock on daemon addresses registry.
2026-04-30T19:37:21.449-0500 [DEBUG] [org.gradle.launcher.daemon.server.DaemonRegistryUpdater] Address removed from registry.
2026-04-30T19:37:21.457-0500 [DEBUG] [org.gradle.launcher.daemon.server.exec.CleanUpVirtualFileSystemAfterBuild] Cleaning virtual file system after build finished
2026-04-30T19:37:21.458-0500 [DEBUG] [org.gradle.launcher.daemon.server.DefaultIncomingConnectionHandler] Finishing executing command: Build{id=fe2695d6-f440-43c7-973e-bf72be8dd582, currentDir=D:\Users\wxinc\OneDrive\Desktop\Minecraft-modding-stuff\Furnitures-O-Plenty}
2026-04-30T19:37:21.488-0500 [DEBUG] [org.gradle.launcher.daemon.server.SynchronizedDispatchConnection] thread 30: received class org.gradle.launcher.daemon.protocol.Finished
2026-04-30T19:37:21.488-0500 [DEBUG] [org.gradle.launcher.daemon.server.DefaultDaemonConnection] thread 30: Received non-IO message from client: org.gradle.launcher.daemon.protocol.Finished@6e064d4c
2026-04-30T19:37:21.488-0500 [DEBUG] [org.gradle.launcher.daemon.server.DefaultIncomingConnectionHandler] Received finished message: org.gradle.launcher.daemon.protocol.Finished@6e064d4c
2026-04-30T19:37:21.488-0500 [DEBUG] [org.gradle.launcher.daemon.server.SynchronizedDispatchConnection] thread 29: stopping connection
2026-04-30T19:37:21.491-0500 [DEBUG] [org.gradle.internal.remote.internal.inet.SocketConnection] Discarding EOFException: java.io.EOFException
2026-04-30T19:37:21.491-0500 [DEBUG] [org.gradle.launcher.daemon.server.SynchronizedDispatchConnection] thread 30: received null
2026-04-30T19:37:21.491-0500 [DEBUG] [org.gradle.launcher.daemon.server.DefaultDaemonConnection] thread 30: Received end-of-input from client.
2026-04-30T19:37:21.492-0500 [DEBUG] [org.gradle.launcher.daemon.server.SynchronizedDispatchConnection] thread 29: stopping connection
2026-04-30T19:37:21.494-0500 [DEBUG] [org.gradle.cache.internal.LockOnDemandCrossProcessCacheAccess] Releasing file lock for jars (D:\Users\wxinc\OneDrive\Desktop\Minecraft-modding-stuff\Furnitures-O-Plenty\.gradle-user-home\caches\jars-9)
2026-04-30T19:37:21.495-0500 [DEBUG] [org.gradle.cache.internal.DefaultFileLockManager] Releasing lock on jars (D:\Users\wxinc\OneDrive\Desktop\Minecraft-modding-stuff\Furnitures-O-Plenty\.gradle-user-home\caches\jars-9).
2026-04-30T19:37:21.495-0500 [DEBUG] [org.gradle.cache.internal.DefaultPersistentDirectoryStore] jars (D:\Users\wxinc\OneDrive\Desktop\Minecraft-modding-stuff\Furnitures-O-Plenty\.gradle-user-home\caches\jars-9) has last been fully cleaned up 300 hours ago
2026-04-30T19:37:21.497-0500 [DEBUG] [org.gradle.internal.operations.DefaultBuildOperationRunner] Build operation 'jars (D:\Users\wxinc\OneDrive\Desktop\Minecraft-modding-stuff\Furnitures-O-Plenty\.gradle-user-home\caches\jars-9)' started
2026-04-30T19:37:21.520-0500 [INFO] [org.gradle.cache.internal.AbstractCacheCleanup] jars (D:\Users\wxinc\OneDrive\Desktop\Minecraft-modding-stuff\Furnitures-O-Plenty\.gradle-user-home\caches\jars-9) cleanup deleted 0 files/directories.
2026-04-30T19:37:21.520-0500 [INFO] [org.gradle.cache.internal.LeastRecentlyUsedCacheCleanup] jars (D:\Users\wxinc\OneDrive\Desktop\Minecraft-modding-stuff\Furnitures-O-Plenty\.gradle-user-home\caches\jars-9) removing files not accessed on or after Thu Apr 23 19:37:01 CDT 2026.
2026-04-30T19:37:21.522-0500 [INFO] [org.gradle.cache.internal.AbstractCacheCleanup] jars (D:\Users\wxinc\OneDrive\Desktop\Minecraft-modding-stuff\Furnitures-O-Plenty\.gradle-user-home\caches\jars-9) cleanup deleted 0 files/directories.
2026-04-30T19:37:21.523-0500 [INFO] [org.gradle.cache.internal.DefaultPersistentDirectoryStore] jars (D:\Users\wxinc\OneDrive\Desktop\Minecraft-modding-stuff\Furnitures-O-Plenty\.gradle-user-home\caches\jars-9) cleaned up in 0.025 secs.
2026-04-30T19:37:21.523-0500 [DEBUG] [org.gradle.internal.operations.DefaultBuildOperationRunner] Completing Build operation 'jars (D:\Users\wxinc\OneDrive\Desktop\Minecraft-modding-stuff\Furnitures-O-Plenty\.gradle-user-home\caches\jars-9)'
2026-04-30T19:37:21.523-0500 [DEBUG] [org.gradle.internal.operations.DefaultBuildOperationRunner] Build operation 'jars (D:\Users\wxinc\OneDrive\Desktop\Minecraft-modding-stuff\Furnitures-O-Plenty\.gradle-user-home\caches\jars-9)' completed
2026-04-30T19:37:21.523-0500 [DEBUG] [org.gradle.cache.internal.LockOnDemandCrossProcessCacheAccess] Releasing file lock for file content cache (D:\Users\wxinc\OneDrive\Desktop\Minecraft-modding-stuff\Furnitures-O-Plenty\.gradle-user-home\caches\8.8\fileContent)
2026-04-30T19:37:21.524-0500 [DEBUG] [org.gradle.cache.internal.DefaultFileLockManager] Releasing lock on file content cache (D:\Users\wxinc\OneDrive\Desktop\Minecraft-modding-stuff\Furnitures-O-Plenty\.gradle-user-home\caches\8.8\fileContent).
2026-04-30T19:37:21.524-0500 [DEBUG] [org.gradle.internal.watch.vfs.impl.WatchingVirtualFileSystem] Closing VFS, dropping state
2026-04-30T19:37:21.525-0500 [DEBUG] [org.gradle.internal.watch.registry.impl.DefaultFileWatcherRegistry] Finished listening to file system change events
2026-04-30T19:37:21.525-0500 [DEBUG] [org.gradle.cache.internal.DefaultCacheCoordinator] Cache Generated Gradle JARs cache (D:\Users\wxinc\OneDrive\Desktop\Minecraft-modding-stuff\Furnitures-O-Plenty\.gradle-user-home\caches\8.8\generated-gradle-jars) was closed 0 times.
2026-04-30T19:37:21.526-0500 [DEBUG] [org.gradle.cache.internal.LockOnDemandCrossProcessCacheAccess] Releasing file lock for artifact cache (D:\Users\wxinc\OneDrive\Desktop\Minecraft-modding-stuff\Furnitures-O-Plenty\.gradle-user-home\caches\modules-2)
2026-04-30T19:37:21.526-0500 [DEBUG] [org.gradle.cache.internal.btree.BTreePersistentIndexedCache] Closing cache resource-at-url.bin (D:\Users\wxinc\OneDrive\Desktop\Minecraft-modding-stuff\Furnitures-O-Plenty\.gradle-user-home\caches\modules-2\metadata-2.106\resource-at-url.bin)
2026-04-30T19:37:21.526-0500 [DEBUG] [org.gradle.cache.internal.btree.BTreePersistentIndexedCache] Closing cache module-artifact.bin (D:\Users\wxinc\OneDrive\Desktop\Minecraft-modding-stuff\Furnitures-O-Plenty\.gradle-user-home\caches\modules-2\metadata-2.106\module-artifact.bin)
2026-04-30T19:37:21.526-0500 [DEBUG] [org.gradle.cache.internal.btree.BTreePersistentIndexedCache] Closing cache module-metadata.bin (D:\Users\wxinc\OneDrive\Desktop\Minecraft-modding-stuff\Furnitures-O-Plenty\.gradle-user-home\caches\modules-2\metadata-2.106\module-metadata.bin)
2026-04-30T19:37:21.527-0500 [DEBUG] [org.gradle.cache.internal.btree.BTreePersistentIndexedCache] Closing cache module-versions.bin (D:\Users\wxinc\OneDrive\Desktop\Minecraft-modding-stuff\Furnitures-O-Plenty\.gradle-user-home\caches\modules-2\metadata-2.106\module-versions.bin)
2026-04-30T19:37:21.527-0500 [DEBUG] [org.gradle.cache.internal.DefaultFileLockManager] Releasing lock on artifact cache (D:\Users\wxinc\OneDrive\Desktop\Minecraft-modding-stuff\Furnitures-O-Plenty\.gradle-user-home\caches\modules-2).
2026-04-30T19:37:21.528-0500 [DEBUG] [org.gradle.cache.internal.DefaultPersistentDirectoryStore] artifact cache (D:\Users\wxinc\OneDrive\Desktop\Minecraft-modding-stuff\Furnitures-O-Plenty\.gradle-user-home\caches\modules-2) has last been fully cleaned up 300 hours ago
2026-04-30T19:37:21.528-0500 [DEBUG] [org.gradle.internal.operations.DefaultBuildOperationRunner] Build operation 'artifact cache (D:\Users\wxinc\OneDrive\Desktop\Minecraft-modding-stuff\Furnitures-O-Plenty\.gradle-user-home\caches\modules-2)' started
2026-04-30T19:37:21.529-0500 [INFO] [org.gradle.cache.internal.AbstractCacheCleanup] artifact cache (D:\Users\wxinc\OneDrive\Desktop\Minecraft-modding-stuff\Furnitures-O-Plenty\.gradle-user-home\caches\modules-2) cleanup deleted 0 files/directories.
2026-04-30T19:37:21.532-0500 [INFO] [org.gradle.cache.internal.AbstractCacheCleanup] artifact cache (D:\Users\wxinc\OneDrive\Desktop\Minecraft-modding-stuff\Furnitures-O-Plenty\.gradle-user-home\caches\modules-2) [subdir: D:\Users\wxinc\OneDrive\Desktop\Minecraft-modding-stuff\Furnitures-O-Plenty\.gradle-user-home\caches\modules-2\resources-2.1] cleanup deleted 0 files/directories.
2026-04-30T19:37:21.532-0500 [INFO] [org.gradle.cache.internal.LeastRecentlyUsedCacheCleanup] artifact cache (D:\Users\wxinc\OneDrive\Desktop\Minecraft-modding-stuff\Furnitures-O-Plenty\.gradle-user-home\caches\modules-2) [subdir: D:\Users\wxinc\OneDrive\Desktop\Minecraft-modding-stuff\Furnitures-O-Plenty\.gradle-user-home\caches\modules-2\resources-2.1] removing files not accessed on or after Tue Mar 31 19:37:01 CDT 2026.
2026-04-30T19:37:21.534-0500 [INFO] [org.gradle.cache.internal.AbstractCacheCleanup] artifact cache (D:\Users\wxinc\OneDrive\Desktop\Minecraft-modding-stuff\Furnitures-O-Plenty\.gradle-user-home\caches\modules-2) [subdir: D:\Users\wxinc\OneDrive\Desktop\Minecraft-modding-stuff\Furnitures-O-Plenty\.gradle-user-home\caches\modules-2\resources-2.1] cleanup deleted 0 files/directories.
2026-04-30T19:37:21.535-0500 [INFO] [org.gradle.cache.internal.AbstractCacheCleanup] artifact cache (D:\Users\wxinc\OneDrive\Desktop\Minecraft-modding-stuff\Furnitures-O-Plenty\.gradle-user-home\caches\modules-2) [subdir: D:\Users\wxinc\OneDrive\Desktop\Minecraft-modding-stuff\Furnitures-O-Plenty\.gradle-user-home\caches\modules-2\files-2.1] cleanup deleted 0 files/directories.
2026-04-30T19:37:21.535-0500 [INFO] [org.gradle.cache.internal.LeastRecentlyUsedCacheCleanup] artifact cache (D:\Users\wxinc\OneDrive\Desktop\Minecraft-modding-stuff\Furnitures-O-Plenty\.gradle-user-home\caches\modules-2) [subdir: D:\Users\wxinc\OneDrive\Desktop\Minecraft-modding-stuff\Furnitures-O-Plenty\.gradle-user-home\caches\modules-2\files-2.1] removing files not accessed on or after Tue Mar 31 19:37:01 CDT 2026.
2026-04-30T19:37:21.590-0500 [INFO] [org.gradle.cache.internal.AbstractCacheCleanup] artifact cache (D:\Users\wxinc\OneDrive\Desktop\Minecraft-modding-stuff\Furnitures-O-Plenty\.gradle-user-home\caches\modules-2) [subdir: D:\Users\wxinc\OneDrive\Desktop\Minecraft-modding-stuff\Furnitures-O-Plenty\.gradle-user-home\caches\modules-2\files-2.1] cleanup deleted 0 files/directories.
2026-04-30T19:37:21.590-0500 [INFO] [org.gradle.cache.internal.AbstractCacheCleanup] artifact cache (D:\Users\wxinc\OneDrive\Desktop\Minecraft-modding-stuff\Furnitures-O-Plenty\.gradle-user-home\caches\modules-2) [subdir: D:\Users\wxinc\OneDrive\Desktop\Minecraft-modding-stuff\Furnitures-O-Plenty\.gradle-user-home\caches\modules-2\metadata-2.106] cleanup deleted 0 files/directories.
2026-04-30T19:37:21.591-0500 [INFO] [org.gradle.cache.internal.AbstractCacheCleanup] artifact cache (D:\Users\wxinc\OneDrive\Desktop\Minecraft-modding-stuff\Furnitures-O-Plenty\.gradle-user-home\caches\modules-2) cleanup deleted 0 files/directories.
2026-04-30T19:37:21.591-0500 [INFO] [org.gradle.cache.internal.DefaultPersistentDirectoryStore] artifact cache (D:\Users\wxinc\OneDrive\Desktop\Minecraft-modding-stuff\Furnitures-O-Plenty\.gradle-user-home\caches\modules-2) cleaned up in 0.062 secs.
2026-04-30T19:37:21.591-0500 [DEBUG] [org.gradle.internal.operations.DefaultBuildOperationRunner] Completing Build operation 'artifact cache (D:\Users\wxinc\OneDrive\Desktop\Minecraft-modding-stuff\Furnitures-O-Plenty\.gradle-user-home\caches\modules-2)'
2026-04-30T19:37:21.591-0500 [DEBUG] [org.gradle.internal.operations.DefaultBuildOperationRunner] Build operation 'artifact cache (D:\Users\wxinc\OneDrive\Desktop\Minecraft-modding-stuff\Furnitures-O-Plenty\.gradle-user-home\caches\modules-2)' completed
2026-04-30T19:37:21.592-0500 [DEBUG] [org.gradle.cache.internal.DefaultPersistentDirectoryStore] groovy-dsl (D:\Users\wxinc\OneDrive\Desktop\Minecraft-modding-stuff\Furnitures-O-Plenty\.gradle-user-home\caches\8.8\groovy-dsl) has last been fully cleaned up 300 hours ago
2026-04-30T19:37:21.592-0500 [DEBUG] [org.gradle.internal.operations.DefaultBuildOperationRunner] Build operation 'groovy-dsl (D:\Users\wxinc\OneDrive\Desktop\Minecraft-modding-stuff\Furnitures-O-Plenty\.gradle-user-home\caches\8.8\groovy-dsl)' started
2026-04-30T19:37:21.592-0500 [INFO] [org.gradle.cache.internal.LeastRecentlyUsedCacheCleanup] groovy-dsl (D:\Users\wxinc\OneDrive\Desktop\Minecraft-modding-stuff\Furnitures-O-Plenty\.gradle-user-home\caches\8.8\groovy-dsl) removing files not accessed on or after Thu Apr 23 19:37:01 CDT 2026.
2026-04-30T19:37:21.634-0500 [INFO] [org.gradle.cache.internal.AbstractCacheCleanup] groovy-dsl (D:\Users\wxinc\OneDrive\Desktop\Minecraft-modding-stuff\Furnitures-O-Plenty\.gradle-user-home\caches\8.8\groovy-dsl) cleanup deleted 1 files/directories.
2026-04-30T19:37:21.634-0500 [INFO] [org.gradle.cache.internal.DefaultPersistentDirectoryStore] groovy-dsl (D:\Users\wxinc\OneDrive\Desktop\Minecraft-modding-stuff\Furnitures-O-Plenty\.gradle-user-home\caches\8.8\groovy-dsl) cleaned up in 0.042 secs.
2026-04-30T19:37:21.634-0500 [DEBUG] [org.gradle.internal.operations.DefaultBuildOperationRunner] Completing Build operation 'groovy-dsl (D:\Users\wxinc\OneDrive\Desktop\Minecraft-modding-stuff\Furnitures-O-Plenty\.gradle-user-home\caches\8.8\groovy-dsl)'
2026-04-30T19:37:21.634-0500 [DEBUG] [org.gradle.internal.operations.DefaultBuildOperationRunner] Build operation 'groovy-dsl (D:\Users\wxinc\OneDrive\Desktop\Minecraft-modding-stuff\Furnitures-O-Plenty\.gradle-user-home\caches\8.8\groovy-dsl)' completed
2026-04-30T19:37:21.634-0500 [DEBUG] [org.gradle.cache.internal.DefaultCacheCoordinator] Cache groovy-dsl (D:\Users\wxinc\OneDrive\Desktop\Minecraft-modding-stuff\Furnitures-O-Plenty\.gradle-user-home\caches\8.8\groovy-dsl) was closed 0 times.
2026-04-30T19:37:21.635-0500 [DEBUG] [org.gradle.cache.internal.DefaultPersistentDirectoryStore] Artifact transforms cache (D:\Users\wxinc\OneDrive\Desktop\Minecraft-modding-stuff\Furnitures-O-Plenty\.gradle-user-home\caches\8.8\transforms) has last been fully cleaned up 300 hours ago
2026-04-30T19:37:21.635-0500 [DEBUG] [org.gradle.internal.operations.DefaultBuildOperationRunner] Build operation 'Artifact transforms cache (D:\Users\wxinc\OneDrive\Desktop\Minecraft-modding-stuff\Furnitures-O-Plenty\.gradle-user-home\caches\8.8\transforms)' started
2026-04-30T19:37:21.635-0500 [INFO] [org.gradle.cache.internal.LeastRecentlyUsedCacheCleanup] Artifact transforms cache (D:\Users\wxinc\OneDrive\Desktop\Minecraft-modding-stuff\Furnitures-O-Plenty\.gradle-user-home\caches\8.8\transforms) removing files not accessed on or after Thu Apr 23 19:37:01 CDT 2026.
2026-04-30T19:37:21.651-0500 [INFO] [org.gradle.cache.internal.AbstractCacheCleanup] Artifact transforms cache (D:\Users\wxinc\OneDrive\Desktop\Minecraft-modding-stuff\Furnitures-O-Plenty\.gradle-user-home\caches\8.8\transforms) cleanup deleted 5 files/directories.
2026-04-30T19:37:21.652-0500 [INFO] [org.gradle.cache.internal.DefaultPersistentDirectoryStore] Artifact transforms cache (D:\Users\wxinc\OneDrive\Desktop\Minecraft-modding-stuff\Furnitures-O-Plenty\.gradle-user-home\caches\8.8\transforms) cleaned up in 0.016 secs.
2026-04-30T19:37:21.652-0500 [DEBUG] [org.gradle.internal.operations.DefaultBuildOperationRunner] Completing Build operation 'Artifact transforms cache (D:\Users\wxinc\OneDrive\Desktop\Minecraft-modding-stuff\Furnitures-O-Plenty\.gradle-user-home\caches\8.8\transforms)'
2026-04-30T19:37:21.652-0500 [DEBUG] [org.gradle.internal.operations.DefaultBuildOperationRunner] Build operation 'Artifact transforms cache (D:\Users\wxinc\OneDrive\Desktop\Minecraft-modding-stuff\Furnitures-O-Plenty\.gradle-user-home\caches\8.8\transforms)' completed
2026-04-30T19:37:21.652-0500 [DEBUG] [org.gradle.cache.internal.DefaultCacheCoordinator] Cache Artifact transforms cache (D:\Users\wxinc\OneDrive\Desktop\Minecraft-modding-stuff\Furnitures-O-Plenty\.gradle-user-home\caches\8.8\transforms) was closed 0 times.
2026-04-30T19:37:21.652-0500 [DEBUG] [org.gradle.cache.internal.LockOnDemandCrossProcessCacheAccess] Releasing file lock for journal cache (D:\Users\wxinc\OneDrive\Desktop\Minecraft-modding-stuff\Furnitures-O-Plenty\.gradle-user-home\caches\journal-1)
2026-04-30T19:37:21.652-0500 [DEBUG] [org.gradle.cache.internal.btree.BTreePersistentIndexedCache] Closing cache file-access.bin (D:\Users\wxinc\OneDrive\Desktop\Minecraft-modding-stuff\Furnitures-O-Plenty\.gradle-user-home\caches\journal-1\file-access.bin)
2026-04-30T19:37:21.653-0500 [DEBUG] [org.gradle.cache.internal.DefaultFileLockManager] Releasing lock on journal cache (D:\Users\wxinc\OneDrive\Desktop\Minecraft-modding-stuff\Furnitures-O-Plenty\.gradle-user-home\caches\journal-1).
2026-04-30T19:37:21.653-0500 [DEBUG] [org.gradle.cache.internal.LockOnDemandCrossProcessCacheAccess] Releasing file lock for file hash cache (D:\Users\wxinc\OneDrive\Desktop\Minecraft-modding-stuff\Furnitures-O-Plenty\.gradle-user-home\caches\8.8\fileHashes)
2026-04-30T19:37:21.653-0500 [DEBUG] [org.gradle.cache.internal.btree.BTreePersistentIndexedCache] Closing cache fileHashes.bin (D:\Users\wxinc\OneDrive\Desktop\Minecraft-modding-stuff\Furnitures-O-Plenty\.gradle-user-home\caches\8.8\fileHashes\fileHashes.bin)
2026-04-30T19:37:21.653-0500 [DEBUG] [org.gradle.cache.internal.btree.BTreePersistentIndexedCache] Closing cache resourceHashesCache.bin (D:\Users\wxinc\OneDrive\Desktop\Minecraft-modding-stuff\Furnitures-O-Plenty\.gradle-user-home\caches\8.8\fileHashes\resourceHashesCache.bin)
2026-04-30T19:37:21.653-0500 [DEBUG] [org.gradle.cache.internal.DefaultFileLockManager] Releasing lock on file hash cache (D:\Users\wxinc\OneDrive\Desktop\Minecraft-modding-stuff\Furnitures-O-Plenty\.gradle-user-home\caches\8.8\fileHashes).
2026-04-30T19:37:21.654-0500 [DEBUG] [org.gradle.cache.internal.LockOnDemandCrossProcessCacheAccess] Releasing file lock for Java compile cache (D:\Users\wxinc\OneDrive\Desktop\Minecraft-modding-stuff\Furnitures-O-Plenty\.gradle-user-home\caches\8.8\javaCompile)
2026-04-30T19:37:21.654-0500 [DEBUG] [org.gradle.cache.internal.btree.BTreePersistentIndexedCache] Closing cache jarAnalysis.bin (D:\Users\wxinc\OneDrive\Desktop\Minecraft-modding-stuff\Furnitures-O-Plenty\.gradle-user-home\caches\8.8\javaCompile\jarAnalysis.bin)
2026-04-30T19:37:21.654-0500 [DEBUG] [org.gradle.cache.internal.DefaultFileLockManager] Releasing lock on Java compile cache (D:\Users\wxinc\OneDrive\Desktop\Minecraft-modding-stuff\Furnitures-O-Plenty\.gradle-user-home\caches\8.8\javaCompile).
2026-04-30T19:37:21.655-0500 [DEBUG] [org.gradle.internal.operations.DefaultBuildOperationRunner] Build operation 'Deleting unused version-specific caches in D:\Users\wxinc\OneDrive\Desktop\Minecraft-modding-stuff\Furnitures-O-Plenty\.gradle-user-home\caches' started
2026-04-30T19:37:21.658-0500 [DEBUG] [org.gradle.cache.internal.VersionSpecificCacheCleanupAction] Processed version-specific caches at D:\Users\wxinc\OneDrive\Desktop\Minecraft-modding-stuff\Furnitures-O-Plenty\.gradle-user-home\caches for cleanup in 0.003 secs
2026-04-30T19:37:21.659-0500 [DEBUG] [org.gradle.internal.operations.DefaultBuildOperationRunner] Completing Build operation 'Deleting unused version-specific caches in D:\Users\wxinc\OneDrive\Desktop\Minecraft-modding-stuff\Furnitures-O-Plenty\.gradle-user-home\caches'
2026-04-30T19:37:21.659-0500 [DEBUG] [org.gradle.internal.operations.DefaultBuildOperationRunner] Build operation 'Deleting unused version-specific caches in D:\Users\wxinc\OneDrive\Desktop\Minecraft-modding-stuff\Furnitures-O-Plenty\.gradle-user-home\caches' completed
2026-04-30T19:37:21.659-0500 [DEBUG] [org.gradle.internal.operations.DefaultBuildOperationRunner] Build operation 'Deleting unused Gradle distributions in D:\Users\wxinc\OneDrive\Desktop\Minecraft-modding-stuff\Furnitures-O-Plenty\.gradle-user-home\wrapper\dists' started
2026-04-30T19:37:21.661-0500 [DEBUG] [org.gradle.internal.operations.DefaultBuildOperationRunner] Completing Build operation 'Deleting unused Gradle distributions in D:\Users\wxinc\OneDrive\Desktop\Minecraft-modding-stuff\Furnitures-O-Plenty\.gradle-user-home\wrapper\dists'
2026-04-30T19:37:21.661-0500 [DEBUG] [org.gradle.internal.operations.DefaultBuildOperationRunner] Build operation 'Deleting unused Gradle distributions in D:\Users\wxinc\OneDrive\Desktop\Minecraft-modding-stuff\Furnitures-O-Plenty\.gradle-user-home\wrapper\dists' completed
Daemon vm is shutting down... The daemon has exited normally or was terminated in response to a user interrupt.
2026-04-30T19:37:21.662-0500 [DEBUG] [org.gradle.launcher.daemon.registry.PersistentDaemonRegistry] Removing daemon address: [a4b7149c-e5ab-4ace-86cc-27571b195ed8 port:58865, addresses:[localhost/127.0.0.1]]
2026-04-30T19:37:21.663-0500 [DEBUG] [org.gradle.cache.internal.DefaultFileLockManager] Waiting to acquire exclusive lock on daemon addresses registry.
2026-04-30T19:37:21.663-0500 [DEBUG] [org.gradle.cache.internal.DefaultFileLockManager] Lock acquired on daemon addresses registry.
2026-04-30T19:37:21.664-0500 [DEBUG] [org.gradle.cache.internal.DefaultFileLockManager] Releasing lock on daemon addresses registry.
